[0.750s] Invoking command in '/home/kim/wheelchair_ws/src/wheelchair_robot/wheelchair_robot_ai': PYTHONPATH=/home/kim/wheelchair_ws/build/wheelchair_robot_ai/prefix_override:/usr/lib/python3/dist-packages/colcon_core/task/python/colcon_distutils_commands:/home/kim/wheelchair_ws/install/wheelchair_robot_ai/lib/python3.10/site-packages:${PYTHONPATH} /usr/bin/python3 -W ignore:setup.py install is deprecated -W ignore:easy_install command is deprecated setup.py egg_info --egg-base ../../../build/wheelchair_robot_ai build --build-base /home/kim/wheelchair_ws/build/wheelchair_robot_ai/build install --record /home/kim/wheelchair_ws/build/wheelchair_robot_ai/install.log --single-version-externally-managed install_data
[1.018s] running egg_info
[1.019s] creating ../../../build/wheelchair_robot_ai/wheelchair_robot_ai.egg-info
[1.019s] writing ../../../build/wheelchair_robot_ai/wheelchair_robot_ai.egg-info/PKG-INFO
[1.019s] writing dependency_links to ../../../build/wheelchair_robot_ai/wheelchair_robot_ai.egg-info/dependency_links.txt
[1.019s] writing entry points to ../../../build/wheelchair_robot_ai/wheelchair_robot_ai.egg-info/entry_points.txt
[1.019s] writing requirements to ../../../build/wheelchair_robot_ai/wheelchair_robot_ai.egg-info/requires.txt
[1.019s] writing top-level names to ../../../build/wheelchair_robot_ai/wheelchair_robot_ai.egg-info/top_level.txt
[1.019s] writing manifest file '../../../build/wheelchair_robot_ai/wheelchair_robot_ai.egg-info/SOURCES.txt'
[1.022s] reading manifest file '../../../build/wheelchair_robot_ai/wheelchair_robot_ai.egg-info/SOURCES.txt'
[1.023s] writing manifest file '../../../build/wheelchair_robot_ai/wheelchair_robot_ai.egg-info/SOURCES.txt'
[1.023s] running build
[1.023s] running build_py
[1.023s] creating /home/kim/wheelchair_ws/build/wheelchair_robot_ai/build
[1.023s] creating /home/kim/wheelchair_ws/build/wheelchair_robot_ai/build/lib
[1.023s] creating /home/kim/wheelchair_ws/build/wheelchair_robot_ai/build/lib/wheelchair_robot_ai
[1.023s] copying wheelchair_robot_ai/log_collector_node.py -> /home/kim/wheelchair_ws/build/wheelchair_robot_ai/build/lib/wheelchair_robot_ai
[1.023s] copying wheelchair_robot_ai/__init__.py -> /home/kim/wheelchair_ws/build/wheelchair_robot_ai/build/lib/wheelchair_robot_ai
[1.023s] copying wheelchair_robot_ai/agent_analyzer.py -> /home/kim/wheelchair_ws/build/wheelchair_robot_ai/build/lib/wheelchair_robot_ai
[1.023s] running install
[1.023s] running install_lib
[1.024s] creating /home/kim/wheelchair_ws/install/wheelchair_robot_ai/lib/python3.10/site-packages/wheelchair_robot_ai
[1.024s] copying /home/kim/wheelchair_ws/build/wheelchair_robot_ai/build/lib/wheelchair_robot_ai/log_collector_node.py -> /home/kim/wheelchair_ws/install/wheelchair_robot_ai/lib/python3.10/site-packages/wheelchair_robot_ai
[1.024s] copying /home/kim/wheelchair_ws/build/wheelchair_robot_ai/build/lib/wheelchair_robot_ai/__init__.py -> /home/kim/wheelchair_ws/install/wheelchair_robot_ai/lib/python3.10/site-packages/wheelchair_robot_ai
[1.024s] copying /home/kim/wheelchair_ws/build/wheelchair_robot_ai/build/lib/wheelchair_robot_ai/agent_analyzer.py -> /home/kim/wheelchair_ws/install/wheelchair_robot_ai/lib/python3.10/site-packages/wheelchair_robot_ai
[1.025s] byte-compiling /home/kim/wheelchair_ws/install/wheelchair_robot_ai/lib/python3.10/site-packages/wheelchair_robot_ai/log_collector_node.py to log_collector_node.cpython-310.pyc
[1.025s] byte-compiling /home/kim/wheelchair_ws/install/wheelchair_robot_ai/lib/python3.10/site-packages/wheelchair_robot_ai/__init__.py to __init__.cpython-310.pyc
[1.025s] byte-compiling /home/kim/wheelchair_ws/install/wheelchair_robot_ai/lib/python3.10/site-packages/wheelchair_robot_ai/agent_analyzer.py to agent_analyzer.cpython-310.pyc
[1.026s] running install_data
[1.026s] creating /home/kim/wheelchair_ws/install/wheelchair_robot_ai/share/ament_index
[1.026s] creating /home/kim/wheelchair_ws/install/wheelchair_robot_ai/share/ament_index/resource_index
[1.026s] creating /home/kim/wheelchair_ws/install/wheelchair_robot_ai/share/ament_index/resource_index/packages
[1.026s] copying resource/wheelchair_robot_ai -> /home/kim/wheelchair_ws/install/wheelchair_robot_ai/share/ament_index/resource_index/packages
[1.026s] copying package.xml -> /home/kim/wheelchair_ws/install/wheelchair_robot_ai/share/wheelchair_robot_ai
[1.026s] creating /home/kim/wheelchair_ws/install/wheelchair_robot_ai/share/wheelchair_robot_ai/launch
[1.026s] copying launch/ai_logger.launch.py -> /home/kim/wheelchair_ws/install/wheelchair_robot_ai/share/wheelchair_robot_ai/launch
[1.027s] running install_egg_info
[1.028s] Copying ../../../build/wheelchair_robot_ai/wheelchair_robot_ai.egg-info to /home/kim/wheelchair_ws/install/wheelchair_robot_ai/lib/python3.10/site-packages/wheelchair_robot_ai-0.0.0-py3.10.egg-info
[1.029s] running install_scripts
[1.046s] Installing agent_analyzer script to /home/kim/wheelchair_ws/install/wheelchair_robot_ai/lib/wheelchair_robot_ai
[1.046s] Installing log_collector_node script to /home/kim/wheelchair_ws/install/wheelchair_robot_ai/lib/wheelchair_robot_ai
[1.046s] writing list of installed files to '/home/kim/wheelchair_ws/build/wheelchair_robot_ai/install.log'
[1.064s] Invoked command in '/home/kim/wheelchair_ws/src/wheelchair_robot/wheelchair_robot_ai' returned '0': PYTHONPATH=/home/kim/wheelchair_ws/build/wheelchair_robot_ai/prefix_override:/usr/lib/python3/dist-packages/colcon_core/task/python/colcon_distutils_commands:/home/kim/wheelchair_ws/install/wheelchair_robot_ai/lib/python3.10/site-packages:${PYTHONPATH} /usr/bin/python3 -W ignore:setup.py install is deprecated -W ignore:easy_install command is deprecated setup.py egg_info --egg-base ../../../build/wheelchair_robot_ai build --build-base /home/kim/wheelchair_ws/build/wheelchair_robot_ai/build install --record /home/kim/wheelchair_ws/build/wheelchair_robot_ai/install.log --single-version-externally-managed install_data
