[0.911s] Invoking command in '/home/kim/wheelchair_ws/build/wheelchair_robot_ai': PYTHONPATH=/home/kim/wheelchair_ws/build/wheelchair_robot_ai/prefix_override:/usr/lib/python3/dist-packages/colcon_core/task/python/colcon_distutils_commands:/home/kim/wheelchair_ws/install/wheelchair_robot_ai/lib/python3.10/site-packages:${PYTHONPATH} /usr/bin/python3 -W ignore:setup.py install is deprecated -W ignore:easy_install command is deprecated setup.py develop --uninstall --editable --build-directory /home/kim/wheelchair_ws/build/wheelchair_robot_ai/build
[1.169s] running develop
[1.375s] Removing /home/kim/wheelchair_ws/install/wheelchair_robot_ai/lib/python3.10/site-packages/wheelchair-robot-ai.egg-link (link to .)
[1.394s] Invoked command in '/home/kim/wheelchair_ws/build/wheelchair_robot_ai' returned '0': PYTHONPATH=/home/kim/wheelchair_ws/build/wheelchair_robot_ai/prefix_override:/usr/lib/python3/dist-packages/colcon_core/task/python/colcon_distutils_commands:/home/kim/wheelchair_ws/install/wheelchair_robot_ai/lib/python3.10/site-packages:${PYTHONPATH} /usr/bin/python3 -W ignore:setup.py install is deprecated -W ignore:easy_install command is deprecated setup.py develop --uninstall --editable --build-directory /home/kim/wheelchair_ws/build/wheelchair_robot_ai/build
[1.395s] Invoking command in '/home/kim/wheelchair_ws/src/wheelchair_robot/wheelchair_robot_ai': PYTHONPATH=/home/kim/wheelchair_ws/build/wheelchair_robot_ai/prefix_override:/usr/lib/python3/dist-packages/colcon_core/task/python/colcon_distutils_commands:/home/kim/wheelchair_ws/install/wheelchair_robot_ai/lib/python3.10/site-packages:${PYTHONPATH} /usr/bin/python3 -W ignore:setup.py install is deprecated -W ignore:easy_install command is deprecated setup.py egg_info --egg-base ../../../build/wheelchair_robot_ai build --build-base /home/kim/wheelchair_ws/build/wheelchair_robot_ai/build install --record /home/kim/wheelchair_ws/build/wheelchair_robot_ai/install.log --single-version-externally-managed install_data --force
[1.620s] running egg_info
[1.621s] writing ../../../build/wheelchair_robot_ai/wheelchair_robot_ai.egg-info/PKG-INFO
[1.621s] writing dependency_links to ../../../build/wheelchair_robot_ai/wheelchair_robot_ai.egg-info/dependency_links.txt
[1.622s] writing entry points to ../../../build/wheelchair_robot_ai/wheelchair_robot_ai.egg-info/entry_points.txt
[1.622s] writing requirements to ../../../build/wheelchair_robot_ai/wheelchair_robot_ai.egg-info/requires.txt
[1.622s] writing top-level names to ../../../build/wheelchair_robot_ai/wheelchair_robot_ai.egg-info/top_level.txt
[1.623s] reading manifest file '../../../build/wheelchair_robot_ai/wheelchair_robot_ai.egg-info/SOURCES.txt'
[1.625s] writing manifest file '../../../build/wheelchair_robot_ai/wheelchair_robot_ai.egg-info/SOURCES.txt'
[1.625s] running build
[1.625s] running build_py
[1.625s] running install
[1.626s] running install_lib
[1.626s] creating /home/kim/wheelchair_ws/install/wheelchair_robot_ai/lib/python3.10/site-packages/wheelchair_robot_ai
[1.627s] copying /home/kim/wheelchair_ws/build/wheelchair_robot_ai/build/lib/wheelchair_robot_ai/log_collector_node.py -> /home/kim/wheelchair_ws/install/wheelchair_robot_ai/lib/python3.10/site-packages/wheelchair_robot_ai
[1.627s] copying /home/kim/wheelchair_ws/build/wheelchair_robot_ai/build/lib/wheelchair_robot_ai/__init__.py -> /home/kim/wheelchair_ws/install/wheelchair_robot_ai/lib/python3.10/site-packages/wheelchair_robot_ai
[1.627s] copying /home/kim/wheelchair_ws/build/wheelchair_robot_ai/build/lib/wheelchair_robot_ai/agent_analyzer.py -> /home/kim/wheelchair_ws/install/wheelchair_robot_ai/lib/python3.10/site-packages/wheelchair_robot_ai
[1.627s] byte-compiling /home/kim/wheelchair_ws/install/wheelchair_robot_ai/lib/python3.10/site-packages/wheelchair_robot_ai/log_collector_node.py to log_collector_node.cpython-310.pyc
[1.628s] byte-compiling /home/kim/wheelchair_ws/install/wheelchair_robot_ai/lib/python3.10/site-packages/wheelchair_robot_ai/__init__.py to __init__.cpython-310.pyc
[1.628s] byte-compiling /home/kim/wheelchair_ws/install/wheelchair_robot_ai/lib/python3.10/site-packages/wheelchair_robot_ai/agent_analyzer.py to agent_analyzer.cpython-310.pyc
[1.629s] running install_data
[1.629s] copying resource/wheelchair_robot_ai -> /home/kim/wheelchair_ws/install/wheelchair_robot_ai/share/ament_index/resource_index/packages
[1.629s] copying package.xml -> /home/kim/wheelchair_ws/install/wheelchair_robot_ai/share/wheelchair_robot_ai
[1.629s] creating /home/kim/wheelchair_ws/install/wheelchair_robot_ai/share/wheelchair_robot_ai/launch
[1.629s] running install_egg_info
[1.631s] Copying ../../../build/wheelchair_robot_ai/wheelchair_robot_ai.egg-info to /home/kim/wheelchair_ws/install/wheelchair_robot_ai/lib/python3.10/site-packages/wheelchair_robot_ai-0.0.0-py3.10.egg-info
[1.632s] running install_scripts
[1.649s] Installing agent_analyzer script to /home/kim/wheelchair_ws/install/wheelchair_robot_ai/lib/wheelchair_robot_ai
[1.650s] Installing log_collector_node script to /home/kim/wheelchair_ws/install/wheelchair_robot_ai/lib/wheelchair_robot_ai
[1.650s] writing list of installed files to '/home/kim/wheelchair_ws/build/wheelchair_robot_ai/install.log'
[1.667s] Invoked command in '/home/kim/wheelchair_ws/src/wheelchair_robot/wheelchair_robot_ai' returned '0': PYTHONPATH=/home/kim/wheelchair_ws/build/wheelchair_robot_ai/prefix_override:/usr/lib/python3/dist-packages/colcon_core/task/python/colcon_distutils_commands:/home/kim/wheelchair_ws/install/wheelchair_robot_ai/lib/python3.10/site-packages:${PYTHONPATH} /usr/bin/python3 -W ignore:setup.py install is deprecated -W ignore:easy_install command is deprecated setup.py egg_info --egg-base ../../../build/wheelchair_robot_ai build --build-base /home/kim/wheelchair_ws/build/wheelchair_robot_ai/build install --record /home/kim/wheelchair_ws/build/wheelchair_robot_ai/install.log --single-version-externally-managed install_data --force
