-- Install configuration: ""
-- Execute custom install script
-- Up-to-date symlink: /home/kim/wheelchair_ws/install/wheelchair_robot_navigation2/share/wheelchair_robot_navigation2/launch/keepout_filter.launch.py
-- Up-to-date symlink: /home/kim/wheelchair_ws/install/wheelchair_robot_navigation2/share/wheelchair_robot_navigation2/launch/navigation2.launch.py
-- Up-to-date symlink: /home/kim/wheelchair_ws/install/wheelchair_robot_navigation2/share/wheelchair_robot_navigation2/map/generate_speed_mask.py
-- Up-to-date symlink: /home/kim/wheelchair_ws/install/wheelchair_robot_navigation2/share/wheelchair_robot_navigation2/map/keepout_mask.pgm
-- Up-to-date symlink: /home/kim/wheelchair_ws/install/wheelchair_robot_navigation2/share/wheelchair_robot_navigation2/map/keepout_mask.yaml
-- Up-to-date symlink: /home/kim/wheelchair_ws/install/wheelchair_robot_navigation2/share/wheelchair_robot_navigation2/map/speed_mask.pgm
-- Up-to-date symlink: /home/kim/wheelchair_ws/install/wheelchair_robot_navigation2/share/wheelchair_robot_navigation2/map/speed_mask.pgm.before_clean
-- Up-to-date symlink: /home/kim/wheelchair_ws/install/wheelchair_robot_navigation2/share/wheelchair_robot_navigation2/map/speed_mask.yaml
-- Up-to-date symlink: /home/kim/wheelchair_ws/install/wheelchair_robot_navigation2/share/wheelchair_robot_navigation2/map/wheelchair_robot_world.pgm
-- Up-to-date symlink: /home/kim/wheelchair_ws/install/wheelchair_robot_navigation2/share/wheelchair_robot_navigation2/map/wheelchair_robot_world.yaml
-- Up-to-date symlink: /home/kim/wheelchair_ws/install/wheelchair_robot_navigation2/share/wheelchair_robot_navigation2/param/wheelchair_robot.yaml
-- Up-to-date symlink: /home/kim/wheelchair_ws/install/wheelchair_robot_navigation2/share/wheelchair_robot_navigation2/rviz/wheelchair_robot_navigation2.rviz
-- Up-to-date symlink: /home/kim/wheelchair_ws/install/wheelchair_robot_navigation2/share/ament_index/resource_index/package_run_dependencies/wheelchair_robot_navigation2
-- Up-to-date symlink: /home/kim/wheelchair_ws/install/wheelchair_robot_navigation2/share/ament_index/resource_index/parent_prefix_path/wheelchair_robot_navigation2
-- Up-to-date symlink: /home/kim/wheelchair_ws/install/wheelchair_robot_navigation2/share/wheelchair_robot_navigation2/environment/ament_prefix_path.sh
-- Up-to-date symlink: /home/kim/wheelchair_ws/install/wheelchair_robot_navigation2/share/wheelchair_robot_navigation2/environment/ament_prefix_path.dsv
-- Up-to-date symlink: /home/kim/wheelchair_ws/install/wheelchair_robot_navigation2/share/wheelchair_robot_navigation2/environment/path.sh
-- Up-to-date symlink: /home/kim/wheelchair_ws/install/wheelchair_robot_navigation2/share/wheelchair_robot_navigation2/environment/path.dsv
-- Up-to-date symlink: /home/kim/wheelchair_ws/install/wheelchair_robot_navigation2/share/wheelchair_robot_navigation2/local_setup.bash
-- Up-to-date symlink: /home/kim/wheelchair_ws/install/wheelchair_robot_navigation2/share/wheelchair_robot_navigation2/local_setup.sh
-- Up-to-date symlink: /home/kim/wheelchair_ws/install/wheelchair_robot_navigation2/share/wheelchair_robot_navigation2/local_setup.zsh
-- Up-to-date symlink: /home/kim/wheelchair_ws/install/wheelchair_robot_navigation2/share/wheelchair_robot_navigation2/local_setup.dsv
-- Symlinking: /home/kim/wheelchair_ws/install/wheelchair_robot_navigation2/share/wheelchair_robot_navigation2/package.dsv
-- Up-to-date symlink: /home/kim/wheelchair_ws/install/wheelchair_robot_navigation2/share/ament_index/resource_index/packages/wheelchair_robot_navigation2
-- Up-to-date symlink: /home/kim/wheelchair_ws/install/wheelchair_robot_navigation2/share/wheelchair_robot_navigation2/cmake/wheelchair_robot_navigation2Config.cmake
-- Up-to-date symlink: /home/kim/wheelchair_ws/install/wheelchair_robot_navigation2/share/wheelchair_robot_navigation2/cmake/wheelchair_robot_navigation2Config-version.cmake
-- Up-to-date symlink: /home/kim/wheelchair_ws/install/wheelchair_robot_navigation2/share/wheelchair_robot_navigation2/package.xml
