[0.126s] DEBUG:colcon:Command line arguments: ['/usr/bin/colcon', 'build', '--packages-select', 'wheelchair_robot_ai']
[0.127s] DEBUG:colcon:Parsed command line arguments: Namespace(log_base=None, log_level=None, verb_name='build', build_base='build', install_base='install', merge_install=False, symlink_install=False, test_result_base=None, continue_on_error=False, executor='parallel', parallel_workers=12, event_handlers=None, ignore_user_meta=False, metas=['./colcon.meta'], base_paths=['.'], packages_ignore=None, packages_ignore_regex=None, paths=None, packages_up_to=None, packages_up_to_regex=None, packages_above=None, packages_above_and_dependencies=None, packages_above_depth=None, packages_select_by_dep=None, packages_skip_by_dep=None, packages_skip_up_to=None, packages_select_build_failed=False, packages_skip_build_finished=False, packages_select_test_failures=False, packages_skip_test_passed=False, packages_select=['wheelchair_robot_ai'], packages_skip=None, packages_select_regex=None, packages_skip_regex=None, packages_start=None, packages_end=None, allow_overriding=[], cmake_args=None, cmake_target=None, cmake_target_skip_unavailable=False, cmake_clean_cache=False, cmake_clean_first=False, cmake_force_configure=False, ament_cmake_args=None, catkin_cmake_args=None, catkin_skip_building_tests=False, verb_parser=<colcon_defaults.argument_parser.defaults.DefaultArgumentsDecorator object at 0x75bc51e41600>, verb_extension=<colcon_core.verb.build.BuildVerb object at 0x75bc51e40c70>, main=<bound method BuildVerb.main of <colcon_core.verb.build.BuildVerb object at 0x75bc51e40c70>>)
[0.310s] Level 1:colcon.colcon_core.package_discovery:discover_packages(colcon_meta) check parameters
[0.310s] Level 1:colcon.colcon_core.package_discovery:discover_packages(recursive) check parameters
[0.310s] Level 1:colcon.colcon_core.package_discovery:discover_packages(ignore) check parameters
[0.310s] Level 1:colcon.colcon_core.package_discovery:discover_packages(path) check parameters
[0.310s] Level 1:colcon.colcon_core.package_discovery:discover_packages(colcon_meta) discover
[0.310s] Level 1:colcon.colcon_core.package_discovery:discover_packages(recursive) discover
[0.310s] INFO:colcon.colcon_core.package_discovery:Crawling recursively for packages in '/home/kim/wheelchair_ws'
[0.311s] Level 1:colcon.colcon_core.package_identification:_identify(.) by extensions ['ignore', 'ignore_ament_install']
[0.316s] Level 1:colcon.colcon_core.package_identification:_identify(.) by extension 'ignore'
[0.316s] Level 1:colcon.colcon_core.package_identification:_identify(.) by extension 'ignore_ament_install'
[0.316s] Level 1:colcon.colcon_core.package_identification:_identify(.) by extensions ['colcon_pkg']
[0.316s] Level 1:colcon.colcon_core.package_identification:_identify(.) by extension 'colcon_pkg'
[0.316s] Level 1:colcon.colcon_core.package_identification:_identify(.) by extensions ['colcon_meta']
[0.316s] Level 1:colcon.colcon_core.package_identification:_identify(.) by extension 'colcon_meta'
[0.317s] Level 1:colcon.colcon_core.package_identification:_identify(.) by extensions ['ros']
[0.317s] Level 1:colcon.colcon_core.package_identification:_identify(.) by extension 'ros'
[0.338s] Level 1:colcon.colcon_core.package_identification:_identify(.) by extensions ['cmake', 'python']
[0.338s] Level 1:colcon.colcon_core.package_identification:_identify(.) by extension 'cmake'
[0.339s] Level 1:colcon.colcon_core.package_identification:_identify(.) by extension 'python'
[0.339s] Level 1:colcon.colcon_core.package_identification:_identify(.) by extensions ['python_setup_py']
[0.339s] Level 1:colcon.colcon_core.package_identification:_identify(.) by extension 'python_setup_py'
[0.339s] Level 1:colcon.colcon_core.package_identification:_identify(build) by extensions ['ignore', 'ignore_ament_install']
[0.339s] Level 1:colcon.colcon_core.package_identification:_identify(build) by extension 'ignore'
[0.339s] Level 1:colcon.colcon_core.package_identification:_identify(build) ignored
[0.339s] Level 1:colcon.colcon_core.package_identification:_identify(driving_data) by extensions ['ignore', 'ignore_ament_install']
[0.339s] Level 1:colcon.colcon_core.package_identification:_identify(driving_data) by extension 'ignore'
[0.339s] Level 1:colcon.colcon_core.package_identification:_identify(driving_data) by extension 'ignore_ament_install'
[0.339s] Level 1:colcon.colcon_core.package_identification:_identify(driving_data) by extensions ['colcon_pkg']
[0.339s] Level 1:colcon.colcon_core.package_identification:_identify(driving_data) by extension 'colcon_pkg'
[0.339s] Level 1:colcon.colcon_core.package_identification:_identify(driving_data) by extensions ['colcon_meta']
[0.339s] Level 1:colcon.colcon_core.package_identification:_identify(driving_data) by extension 'colcon_meta'
[0.339s] Level 1:colcon.colcon_core.package_identification:_identify(driving_data) by extensions ['ros']
[0.339s] Level 1:colcon.colcon_core.package_identification:_identify(driving_data) by extension 'ros'
[0.339s] Level 1:colcon.colcon_core.package_identification:_identify(driving_data) by extensions ['cmake', 'python']
[0.340s] Level 1:colcon.colcon_core.package_identification:_identify(driving_data) by extension 'cmake'
[0.340s] Level 1:colcon.colcon_core.package_identification:_identify(driving_data) by extension 'python'
[0.340s] Level 1:colcon.colcon_core.package_identification:_identify(driving_data) by extensions ['python_setup_py']
[0.340s] Level 1:colcon.colcon_core.package_identification:_identify(driving_data) by extension 'python_setup_py'
[0.340s] Level 1:colcon.colcon_core.package_identification:_identify(install) by extensions ['ignore', 'ignore_ament_install']
[0.340s] Level 1:colcon.colcon_core.package_identification:_identify(install) by extension 'ignore'
[0.340s] Level 1:colcon.colcon_core.package_identification:_identify(install) ignored
[0.340s] Level 1:colcon.colcon_core.package_identification:_identify(log) by extensions ['ignore', 'ignore_ament_install']
[0.340s] Level 1:colcon.colcon_core.package_identification:_identify(log) by extension 'ignore'
[0.340s] Level 1:colcon.colcon_core.package_identification:_identify(log) ignored
[0.340s] Level 1:colcon.colcon_core.package_identification:_identify(maps) by extensions ['ignore', 'ignore_ament_install']
[0.340s] Level 1:colcon.colcon_core.package_identification:_identify(maps) by extension 'ignore'
[0.340s] Level 1:colcon.colcon_core.package_identification:_identify(maps) by extension 'ignore_ament_install'
[0.340s] Level 1:colcon.colcon_core.package_identification:_identify(maps) by extensions ['colcon_pkg']
[0.340s] Level 1:colcon.colcon_core.package_identification:_identify(maps) by extension 'colcon_pkg'
[0.340s] Level 1:colcon.colcon_core.package_identification:_identify(maps) by extensions ['colcon_meta']
[0.340s] Level 1:colcon.colcon_core.package_identification:_identify(maps) by extension 'colcon_meta'
[0.340s] Level 1:colcon.colcon_core.package_identification:_identify(maps) by extensions ['ros']
[0.340s] Level 1:colcon.colcon_core.package_identification:_identify(maps) by extension 'ros'
[0.341s] Level 1:colcon.colcon_core.package_identification:_identify(maps) by extensions ['cmake', 'python']
[0.341s] Level 1:colcon.colcon_core.package_identification:_identify(maps) by extension 'cmake'
[0.341s] Level 1:colcon.colcon_core.package_identification:_identify(maps) by extension 'python'
[0.341s] Level 1:colcon.colcon_core.package_identification:_identify(maps) by extensions ['python_setup_py']
[0.341s] Level 1:colcon.colcon_core.package_identification:_identify(maps) by extension 'python_setup_py'
[0.341s] Level 1:colcon.colcon_core.package_identification:_identify(src) by extensions ['ignore', 'ignore_ament_install']
[0.341s] Level 1:colcon.colcon_core.package_identification:_identify(src) by extension 'ignore'
[0.341s] Level 1:colcon.colcon_core.package_identification:_identify(src) by extension 'ignore_ament_install'
[0.341s] Level 1:colcon.colcon_core.package_identification:_identify(src) by extensions ['colcon_pkg']
[0.341s] Level 1:colcon.colcon_core.package_identification:_identify(src) by extension 'colcon_pkg'
[0.341s] Level 1:colcon.colcon_core.package_identification:_identify(src) by extensions ['colcon_meta']
[0.341s] Level 1:colcon.colcon_core.package_identification:_identify(src) by extension 'colcon_meta'
[0.341s] Level 1:colcon.colcon_core.package_identification:_identify(src) by extensions ['ros']
[0.341s] Level 1:colcon.colcon_core.package_identification:_identify(src) by extension 'ros'
[0.341s] Level 1:colcon.colcon_core.package_identification:_identify(src) by extensions ['cmake', 'python']
[0.341s] Level 1:colcon.colcon_core.package_identification:_identify(src) by extension 'cmake'
[0.341s] Level 1:colcon.colcon_core.package_identification:_identify(src) by extension 'python'
[0.342s] Level 1:colcon.colcon_core.package_identification:_identify(src) by extensions ['python_setup_py']
[0.342s] Level 1:colcon.colcon_core.package_identification:_identify(src) by extension 'python_setup_py'
[0.342s] Level 1:colcon.colcon_core.package_identification:_identify(src/wheelchair_core) by extensions ['ignore', 'ignore_ament_install']
[0.342s] Level 1:colcon.colcon_core.package_identification:_identify(src/wheelchair_core) by extension 'ignore'
[0.342s] Level 1:colcon.colcon_core.package_identification:_identify(src/wheelchair_core) by extension 'ignore_ament_install'
[0.342s] Level 1:colcon.colcon_core.package_identification:_identify(src/wheelchair_core) by extensions ['colcon_pkg']
[0.342s] Level 1:colcon.colcon_core.package_identification:_identify(src/wheelchair_core) by extension 'colcon_pkg'
[0.342s] Level 1:colcon.colcon_core.package_identification:_identify(src/wheelchair_core) by extensions ['colcon_meta']
[0.342s] Level 1:colcon.colcon_core.package_identification:_identify(src/wheelchair_core) by extension 'colcon_meta'
[0.342s] Level 1:colcon.colcon_core.package_identification:_identify(src/wheelchair_core) by extensions ['ros']
[0.342s] Level 1:colcon.colcon_core.package_identification:_identify(src/wheelchair_core) by extension 'ros'
[0.344s] DEBUG:colcon.colcon_core.package_identification:Package 'src/wheelchair_core' with type 'ros.ament_python' and name 'wheelchair_core'
[0.345s] Level 1:colcon.colcon_core.package_identification:_identify(src/wheelchair_robot) by extensions ['ignore', 'ignore_ament_install']
[0.345s] Level 1:colcon.colcon_core.package_identification:_identify(src/wheelchair_robot) by extension 'ignore'
[0.345s] Level 1:colcon.colcon_core.package_identification:_identify(src/wheelchair_robot) by extension 'ignore_ament_install'
[0.345s] Level 1:colcon.colcon_core.package_identification:_identify(src/wheelchair_robot) by extensions ['colcon_pkg']
[0.345s] Level 1:colcon.colcon_core.package_identification:_identify(src/wheelchair_robot) by extension 'colcon_pkg'
[0.345s] Level 1:colcon.colcon_core.package_identification:_identify(src/wheelchair_robot) by extensions ['colcon_meta']
[0.345s] Level 1:colcon.colcon_core.package_identification:_identify(src/wheelchair_robot) by extension 'colcon_meta'
[0.345s] Level 1:colcon.colcon_core.package_identification:_identify(src/wheelchair_robot) by extensions ['ros']
[0.345s] Level 1:colcon.colcon_core.package_identification:_identify(src/wheelchair_robot) by extension 'ros'
[0.345s] Level 1:colcon.colcon_core.package_identification:_identify(src/wheelchair_robot) by extensions ['cmake', 'python']
[0.345s] Level 1:colcon.colcon_core.package_identification:_identify(src/wheelchair_robot) by extension 'cmake'
[0.345s] Level 1:colcon.colcon_core.package_identification:_identify(src/wheelchair_robot) by extension 'python'
[0.345s] Level 1:colcon.colcon_core.package_identification:_identify(src/wheelchair_robot) by extensions ['python_setup_py']
[0.345s] Level 1:colcon.colcon_core.package_identification:_identify(src/wheelchair_robot) by extension 'python_setup_py'
[0.345s] Level 1:colcon.colcon_core.package_identification:_identify(src/wheelchair_robot/wheelchair_robot_ai) by extensions ['ignore', 'ignore_ament_install']
[0.345s] Level 1:colcon.colcon_core.package_identification:_identify(src/wheelchair_robot/wheelchair_robot_ai) by extension 'ignore'
[0.345s] Level 1:colcon.colcon_core.package_identification:_identify(src/wheelchair_robot/wheelchair_robot_ai) by extension 'ignore_ament_install'
[0.345s] Level 1:colcon.colcon_core.package_identification:_identify(src/wheelchair_robot/wheelchair_robot_ai) by extensions ['colcon_pkg']
[0.345s] Level 1:colcon.colcon_core.package_identification:_identify(src/wheelchair_robot/wheelchair_robot_ai) by extension 'colcon_pkg'
[0.345s] Level 1:colcon.colcon_core.package_identification:_identify(src/wheelchair_robot/wheelchair_robot_ai) by extensions ['colcon_meta']
[0.345s] Level 1:colcon.colcon_core.package_identification:_identify(src/wheelchair_robot/wheelchair_robot_ai) by extension 'colcon_meta'
[0.345s] Level 1:colcon.colcon_core.package_identification:_identify(src/wheelchair_robot/wheelchair_robot_ai) by extensions ['ros']
[0.346s] Level 1:colcon.colcon_core.package_identification:_identify(src/wheelchair_robot/wheelchair_robot_ai) by extension 'ros'
[0.346s] DEBUG:colcon.colcon_core.package_identification:Package 'src/wheelchair_robot/wheelchair_robot_ai' with type 'ros.ament_python' and name 'wheelchair_robot_ai'
[0.346s] Level 1:colcon.colcon_core.package_identification:_identify(src/wheelchair_robot/wheelchair_robot_cartographer) by extensions ['ignore', 'ignore_ament_install']
[0.346s] Level 1:colcon.colcon_core.package_identification:_identify(src/wheelchair_robot/wheelchair_robot_cartographer) by extension 'ignore'
[0.346s] Level 1:colcon.colcon_core.package_identification:_identify(src/wheelchair_robot/wheelchair_robot_cartographer) by extension 'ignore_ament_install'
[0.346s] Level 1:colcon.colcon_core.package_identification:_identify(src/wheelchair_robot/wheelchair_robot_cartographer) by extensions ['colcon_pkg']
[0.346s] Level 1:colcon.colcon_core.package_identification:_identify(src/wheelchair_robot/wheelchair_robot_cartographer) by extension 'colcon_pkg'
[0.346s] Level 1:colcon.colcon_core.package_identification:_identify(src/wheelchair_robot/wheelchair_robot_cartographer) by extensions ['colcon_meta']
[0.346s] Level 1:colcon.colcon_core.package_identification:_identify(src/wheelchair_robot/wheelchair_robot_cartographer) by extension 'colcon_meta'
[0.346s] Level 1:colcon.colcon_core.package_identification:_identify(src/wheelchair_robot/wheelchair_robot_cartographer) by extensions ['ros']
[0.346s] Level 1:colcon.colcon_core.package_identification:_identify(src/wheelchair_robot/wheelchair_robot_cartographer) by extension 'ros'
[0.347s] DEBUG:colcon.colcon_core.package_identification:Package 'src/wheelchair_robot/wheelchair_robot_cartographer' with type 'ros.ament_cmake' and name 'wheelchair_robot_cartographer'
[0.347s] Level 1:colcon.colcon_core.package_identification:_identify(src/wheelchair_robot/wheelchair_robot_control) by extensions ['ignore', 'ignore_ament_install']
[0.347s] Level 1:colcon.colcon_core.package_identification:_identify(src/wheelchair_robot/wheelchair_robot_control) by extension 'ignore'
[0.347s] Level 1:colcon.colcon_core.package_identification:_identify(src/wheelchair_robot/wheelchair_robot_control) by extension 'ignore_ament_install'
[0.347s] Level 1:colcon.colcon_core.package_identification:_identify(src/wheelchair_robot/wheelchair_robot_control) by extensions ['colcon_pkg']
[0.347s] Level 1:colcon.colcon_core.package_identification:_identify(src/wheelchair_robot/wheelchair_robot_control) by extension 'colcon_pkg'
[0.347s] Level 1:colcon.colcon_core.package_identification:_identify(src/wheelchair_robot/wheelchair_robot_control) by extensions ['colcon_meta']
[0.347s] Level 1:colcon.colcon_core.package_identification:_identify(src/wheelchair_robot/wheelchair_robot_control) by extension 'colcon_meta'
[0.347s] Level 1:colcon.colcon_core.package_identification:_identify(src/wheelchair_robot/wheelchair_robot_control) by extensions ['ros']
[0.347s] Level 1:colcon.colcon_core.package_identification:_identify(src/wheelchair_robot/wheelchair_robot_control) by extension 'ros'
[0.348s] DEBUG:colcon.colcon_core.package_identification:Package 'src/wheelchair_robot/wheelchair_robot_control' with type 'ros.ament_python' and name 'wheelchair_robot_control'
[0.348s] Level 1:colcon.colcon_core.package_identification:_identify(src/wheelchair_robot/wheelchair_robot_description) by extensions ['ignore', 'ignore_ament_install']
[0.348s] Level 1:colcon.colcon_core.package_identification:_identify(src/wheelchair_robot/wheelchair_robot_description) by extension 'ignore'
[0.348s] Level 1:colcon.colcon_core.package_identification:_identify(src/wheelchair_robot/wheelchair_robot_description) by extension 'ignore_ament_install'
[0.348s] Level 1:colcon.colcon_core.package_identification:_identify(src/wheelchair_robot/wheelchair_robot_description) by extensions ['colcon_pkg']
[0.348s] Level 1:colcon.colcon_core.package_identification:_identify(src/wheelchair_robot/wheelchair_robot_description) by extension 'colcon_pkg'
[0.348s] Level 1:colcon.colcon_core.package_identification:_identify(src/wheelchair_robot/wheelchair_robot_description) by extensions ['colcon_meta']
[0.348s] Level 1:colcon.colcon_core.package_identification:_identify(src/wheelchair_robot/wheelchair_robot_description) by extension 'colcon_meta'
[0.348s] Level 1:colcon.colcon_core.package_identification:_identify(src/wheelchair_robot/wheelchair_robot_description) by extensions ['ros']
[0.348s] Level 1:colcon.colcon_core.package_identification:_identify(src/wheelchair_robot/wheelchair_robot_description) by extension 'ros'
[0.349s] DEBUG:colcon.colcon_core.package_identification:Package 'src/wheelchair_robot/wheelchair_robot_description' with type 'ros.ament_cmake' and name 'wheelchair_robot_description'
[0.349s] Level 1:colcon.colcon_core.package_identification:_identify(src/wheelchair_robot/wheelchair_robot_navigation2) by extensions ['ignore', 'ignore_ament_install']
[0.349s] Level 1:colcon.colcon_core.package_identification:_identify(src/wheelchair_robot/wheelchair_robot_navigation2) by extension 'ignore'
[0.349s] Level 1:colcon.colcon_core.package_identification:_identify(src/wheelchair_robot/wheelchair_robot_navigation2) by extension 'ignore_ament_install'
[0.349s] Level 1:colcon.colcon_core.package_identification:_identify(src/wheelchair_robot/wheelchair_robot_navigation2) by extensions ['colcon_pkg']
[0.349s] Level 1:colcon.colcon_core.package_identification:_identify(src/wheelchair_robot/wheelchair_robot_navigation2) by extension 'colcon_pkg'
[0.349s] Level 1:colcon.colcon_core.package_identification:_identify(src/wheelchair_robot/wheelchair_robot_navigation2) by extensions ['colcon_meta']
[0.349s] Level 1:colcon.colcon_core.package_identification:_identify(src/wheelchair_robot/wheelchair_robot_navigation2) by extension 'colcon_meta'
[0.349s] Level 1:colcon.colcon_core.package_identification:_identify(src/wheelchair_robot/wheelchair_robot_navigation2) by extensions ['ros']
[0.349s] Level 1:colcon.colcon_core.package_identification:_identify(src/wheelchair_robot/wheelchair_robot_navigation2) by extension 'ros'
[0.350s] DEBUG:colcon.colcon_core.package_identification:Package 'src/wheelchair_robot/wheelchair_robot_navigation2' with type 'ros.ament_cmake' and name 'wheelchair_robot_navigation2'
[0.350s] Level 1:colcon.colcon_core.package_identification:_identify(src/wheelchair_robot/wheelchair_robot_teleop) by extensions ['ignore', 'ignore_ament_install']
[0.350s] Level 1:colcon.colcon_core.package_identification:_identify(src/wheelchair_robot/wheelchair_robot_teleop) by extension 'ignore'
[0.350s] Level 1:colcon.colcon_core.package_identification:_identify(src/wheelchair_robot/wheelchair_robot_teleop) by extension 'ignore_ament_install'
[0.350s] Level 1:colcon.colcon_core.package_identification:_identify(src/wheelchair_robot/wheelchair_robot_teleop) by extensions ['colcon_pkg']
[0.350s] Level 1:colcon.colcon_core.package_identification:_identify(src/wheelchair_robot/wheelchair_robot_teleop) by extension 'colcon_pkg'
[0.350s] Level 1:colcon.colcon_core.package_identification:_identify(src/wheelchair_robot/wheelchair_robot_teleop) by extensions ['colcon_meta']
[0.350s] Level 1:colcon.colcon_core.package_identification:_identify(src/wheelchair_robot/wheelchair_robot_teleop) by extension 'colcon_meta'
[0.350s] Level 1:colcon.colcon_core.package_identification:_identify(src/wheelchair_robot/wheelchair_robot_teleop) by extensions ['ros']
[0.350s] Level 1:colcon.colcon_core.package_identification:_identify(src/wheelchair_robot/wheelchair_robot_teleop) by extension 'ros'
[0.351s] DEBUG:colcon.colcon_core.package_identification:Package 'src/wheelchair_robot/wheelchair_robot_teleop' with type 'ros.ament_python' and name 'wheelchair_robot_teleop'
[0.351s] Level 1:colcon.colcon_core.package_discovery:discover_packages(recursive) using defaults
[0.351s] Level 1:colcon.colcon_core.package_discovery:discover_packages(ignore) discover
[0.351s] Level 1:colcon.colcon_core.package_discovery:discover_packages(ignore) using defaults
[0.351s] Level 1:colcon.colcon_core.package_discovery:discover_packages(path) discover
[0.351s] Level 1:colcon.colcon_core.package_discovery:discover_packages(path) using defaults
[0.368s] INFO:colcon.colcon_core.package_selection:Skipping not selected package 'wheelchair_core' in 'src/wheelchair_core'
[0.368s] INFO:colcon.colcon_core.package_selection:Skipping not selected package 'wheelchair_robot_cartographer' in 'src/wheelchair_robot/wheelchair_robot_cartographer'
[0.368s] INFO:colcon.colcon_core.package_selection:Skipping not selected package 'wheelchair_robot_control' in 'src/wheelchair_robot/wheelchair_robot_control'
[0.368s] INFO:colcon.colcon_core.package_selection:Skipping not selected package 'wheelchair_robot_description' in 'src/wheelchair_robot/wheelchair_robot_description'
[0.368s] INFO:colcon.colcon_core.package_selection:Skipping not selected package 'wheelchair_robot_navigation2' in 'src/wheelchair_robot/wheelchair_robot_navigation2'
[0.368s] INFO:colcon.colcon_core.package_selection:Skipping not selected package 'wheelchair_robot_teleop' in 'src/wheelchair_robot/wheelchair_robot_teleop'
[0.368s] Level 1:colcon.colcon_core.package_discovery:discover_packages(prefix_path) check parameters
[0.368s] Level 1:colcon.colcon_core.package_discovery:discover_packages(prefix_path) discover
[0.370s] DEBUG:colcon.colcon_installed_package_information.package_discovery:Found 7 installed packages in /home/kim/wheelchair_ws/install
[0.371s] DEBUG:colcon.colcon_installed_package_information.package_discovery:Found 410 installed packages in /opt/ros/humble
[0.373s] Level 1:colcon.colcon_core.package_discovery:discover_packages(prefix_path) using defaults
[0.412s] Level 5:colcon.colcon_core.verb:set package 'wheelchair_robot_ai' build argument 'cmake_args' from command line to 'None'
[0.412s] Level 5:colcon.colcon_core.verb:set package 'wheelchair_robot_ai' build argument 'cmake_target' from command line to 'None'
[0.412s] Level 5:colcon.colcon_core.verb:set package 'wheelchair_robot_ai' build argument 'cmake_target_skip_unavailable' from command line to 'False'
[0.412s] Level 5:colcon.colcon_core.verb:set package 'wheelchair_robot_ai' build argument 'cmake_clean_cache' from command line to 'False'
[0.412s] Level 5:colcon.colcon_core.verb:set package 'wheelchair_robot_ai' build argument 'cmake_clean_first' from command line to 'False'
[0.412s] Level 5:colcon.colcon_core.verb:set package 'wheelchair_robot_ai' build argument 'cmake_force_configure' from command line to 'False'
[0.412s] Level 5:colcon.colcon_core.verb:set package 'wheelchair_robot_ai' build argument 'ament_cmake_args' from command line to 'None'
[0.412s] Level 5:colcon.colcon_core.verb:set package 'wheelchair_robot_ai' build argument 'catkin_cmake_args' from command line to 'None'
[0.412s] Level 5:colcon.colcon_core.verb:set package 'wheelchair_robot_ai' build argument 'catkin_skip_building_tests' from command line to 'False'
[0.412s] DEBUG:colcon.colcon_core.verb:Building package 'wheelchair_robot_ai' with the following arguments: {'ament_cmake_args': None, 'build_base': '/home/kim/wheelchair_ws/build/wheelchair_robot_ai', 'catkin_cmake_args': None, 'catkin_skip_building_tests': False, 'cmake_args': None, 'cmake_clean_cache': False, 'cmake_clean_first': False, 'cmake_force_configure': False, 'cmake_target': None, 'cmake_target_skip_unavailable': False, 'install_base': '/home/kim/wheelchair_ws/install/wheelchair_robot_ai', 'merge_install': False, 'path': '/home/kim/wheelchair_ws/src/wheelchair_robot/wheelchair_robot_ai', 'symlink_install': False, 'test_result_base': None}
[0.413s] INFO:colcon.colcon_core.executor:Executing jobs using 'parallel' executor
[0.414s] DEBUG:colcon.colcon_parallel_executor.executor.parallel:run_until_complete
[0.414s] INFO:colcon.colcon_ros.task.ament_python.build:Building ROS package in '/home/kim/wheelchair_ws/src/wheelchair_robot/wheelchair_robot_ai' with build type 'ament_python'
[0.414s] Level 1:colcon.colcon_core.shell:create_environment_hook('wheelchair_robot_ai', 'ament_prefix_path')
[0.418s] INFO:colcon.colcon_core.plugin_system:Skipping extension 'colcon_core.shell.bat': Not used on non-Windows systems
[0.418s] INFO:colcon.colcon_core.shell:Creating environment hook '/home/kim/wheelchair_ws/install/wheelchair_robot_ai/share/wheelchair_robot_ai/hook/ament_prefix_path.ps1'
[0.418s] INFO:colcon.colcon_core.shell:Creating environment descriptor '/home/kim/wheelchair_ws/install/wheelchair_robot_ai/share/wheelchair_robot_ai/hook/ament_prefix_path.dsv'
[0.419s] INFO:colcon.colcon_core.shell:Creating environment hook '/home/kim/wheelchair_ws/install/wheelchair_robot_ai/share/wheelchair_robot_ai/hook/ament_prefix_path.sh'
[0.420s] INFO:colcon.colcon_core.shell:Skip shell extension 'powershell' for command environment: Not usable outside of PowerShell
[0.420s] DEBUG:colcon.colcon_core.shell:Skip shell extension 'dsv' for command environment
[0.682s] INFO:colcon.colcon_core.task.python.build:Building Python package in '/home/kim/wheelchair_ws/src/wheelchair_robot/wheelchair_robot_ai'
[0.682s] INFO:colcon.colcon_core.shell:Skip shell extension 'powershell' for command environment: Not usable outside of PowerShell
[0.682s] DEBUG:colcon.colcon_core.shell:Skip shell extension 'dsv' for command environment
[1.126s] DEBUG:colcon.colcon_core.event_handler.log_command:Invoking command in '/home/kim/wheelchair_ws/src/wheelchair_robot/wheelchair_robot_ai': PYTHONPATH=/home/kim/wheelchair_ws/build/wheelchair_robot_ai/prefix_override:/usr/lib/python3/dist-packages/colcon_core/task/python/colcon_distutils_commands:/home/kim/wheelchair_ws/install/wheelchair_robot_ai/lib/python3.10/site-packages:${PYTHONPATH} /usr/bin/python3 -W ignore:setup.py install is deprecated -W ignore:easy_install command is deprecated setup.py egg_info --egg-base ../../../build/wheelchair_robot_ai build --build-base /home/kim/wheelchair_ws/build/wheelchair_robot_ai/build install --record /home/kim/wheelchair_ws/build/wheelchair_robot_ai/install.log --single-version-externally-managed install_data
[1.401s] DEBUG:colcon.colcon_core.event_handler.log_command:Invoked command in '/home/kim/wheelchair_ws/src/wheelchair_robot/wheelchair_robot_ai' returned '0': PYTHONPATH=/home/kim/wheelchair_ws/build/wheelchair_robot_ai/prefix_override:/usr/lib/python3/dist-packages/colcon_core/task/python/colcon_distutils_commands:/home/kim/wheelchair_ws/install/wheelchair_robot_ai/lib/python3.10/site-packages:${PYTHONPATH} /usr/bin/python3 -W ignore:setup.py install is deprecated -W ignore:easy_install command is deprecated setup.py egg_info --egg-base ../../../build/wheelchair_robot_ai build --build-base /home/kim/wheelchair_ws/build/wheelchair_robot_ai/build install --record /home/kim/wheelchair_ws/build/wheelchair_robot_ai/install.log --single-version-externally-managed install_data
[1.405s] Level 1:colcon.colcon_core.environment:checking '/home/kim/wheelchair_ws/install/wheelchair_robot_ai' for CMake module files
[1.405s] Level 1:colcon.colcon_core.environment:checking '/home/kim/wheelchair_ws/install/wheelchair_robot_ai' for CMake config files
[1.405s] Level 1:colcon.colcon_core.environment:checking '/home/kim/wheelchair_ws/install/wheelchair_robot_ai/lib'
[1.405s] Level 1:colcon.colcon_core.environment:checking '/home/kim/wheelchair_ws/install/wheelchair_robot_ai/bin'
[1.406s] Level 1:colcon.colcon_core.environment:checking '/home/kim/wheelchair_ws/install/wheelchair_robot_ai/lib/pkgconfig/wheelchair_robot_ai.pc'
[1.406s] Level 1:colcon.colcon_core.environment:checking '/home/kim/wheelchair_ws/install/wheelchair_robot_ai/lib/python3.10/site-packages'
[1.406s] Level 1:colcon.colcon_core.shell:create_environment_hook('wheelchair_robot_ai', 'pythonpath')
[1.406s] INFO:colcon.colcon_core.shell:Creating environment hook '/home/kim/wheelchair_ws/install/wheelchair_robot_ai/share/wheelchair_robot_ai/hook/pythonpath.ps1'
[1.407s] INFO:colcon.colcon_core.shell:Creating environment descriptor '/home/kim/wheelchair_ws/install/wheelchair_robot_ai/share/wheelchair_robot_ai/hook/pythonpath.dsv'
[1.407s] INFO:colcon.colcon_core.shell:Creating environment hook '/home/kim/wheelchair_ws/install/wheelchair_robot_ai/share/wheelchair_robot_ai/hook/pythonpath.sh'
[1.407s] Level 1:colcon.colcon_core.environment:checking '/home/kim/wheelchair_ws/install/wheelchair_robot_ai/bin'
[1.408s] Level 1:colcon.colcon_core.environment:create_environment_scripts_only(wheelchair_robot_ai)
[1.408s] INFO:colcon.colcon_core.shell:Creating package script '/home/kim/wheelchair_ws/install/wheelchair_robot_ai/share/wheelchair_robot_ai/package.ps1'
[1.409s] INFO:colcon.colcon_core.shell:Creating package descriptor '/home/kim/wheelchair_ws/install/wheelchair_robot_ai/share/wheelchair_robot_ai/package.dsv'
[1.409s] INFO:colcon.colcon_core.shell:Creating package script '/home/kim/wheelchair_ws/install/wheelchair_robot_ai/share/wheelchair_robot_ai/package.sh'
[1.410s] INFO:colcon.colcon_core.shell:Creating package script '/home/kim/wheelchair_ws/install/wheelchair_robot_ai/share/wheelchair_robot_ai/package.bash'
[1.411s] INFO:colcon.colcon_core.shell:Creating package script '/home/kim/wheelchair_ws/install/wheelchair_robot_ai/share/wheelchair_robot_ai/package.zsh'
[1.411s] Level 1:colcon.colcon_core.environment:create_file_with_runtime_dependencies(/home/kim/wheelchair_ws/install/wheelchair_robot_ai/share/colcon-core/packages/wheelchair_robot_ai)
[1.412s] DEBUG:colcon.colcon_parallel_executor.executor.parallel:closing loop
[1.412s] DEBUG:colcon.colcon_parallel_executor.executor.parallel:loop closed
[1.412s] DEBUG:colcon.colcon_parallel_executor.executor.parallel:run_until_complete finished with '0'
[1.412s] DEBUG:colcon.colcon_core.event_reactor:joining thread
[1.417s] INFO:colcon.colcon_core.plugin_system:Skipping extension 'colcon_notification.desktop_notification.terminal_notifier': Not used on non-Darwin systems
[1.417s] INFO:colcon.colcon_core.plugin_system:Skipping extension 'colcon_notification.desktop_notification.win32': Not used on non-Windows systems
[1.417s] INFO:colcon.colcon_notification.desktop_notification:Sending desktop notification using 'notify2'
[1.426s] DEBUG:colcon.colcon_core.event_reactor:joined thread
[1.426s] INFO:colcon.colcon_core.shell:Creating prefix script '/home/kim/wheelchair_ws/install/local_setup.ps1'
[1.427s] INFO:colcon.colcon_core.shell:Creating prefix util module '/home/kim/wheelchair_ws/install/_local_setup_util_ps1.py'
[1.428s] INFO:colcon.colcon_core.shell:Creating prefix chain script '/home/kim/wheelchair_ws/install/setup.ps1'
[1.430s] INFO:colcon.colcon_core.shell:Creating prefix script '/home/kim/wheelchair_ws/install/local_setup.sh'
[1.430s] INFO:colcon.colcon_core.shell:Creating prefix util module '/home/kim/wheelchair_ws/install/_local_setup_util_sh.py'
[1.431s] INFO:colcon.colcon_core.shell:Creating prefix chain script '/home/kim/wheelchair_ws/install/setup.sh'
[1.432s] INFO:colcon.colcon_core.shell:Creating prefix script '/home/kim/wheelchair_ws/install/local_setup.bash'
[1.432s] INFO:colcon.colcon_core.shell:Creating prefix chain script '/home/kim/wheelchair_ws/install/setup.bash'
[1.433s] INFO:colcon.colcon_core.shell:Creating prefix script '/home/kim/wheelchair_ws/install/local_setup.zsh'
[1.433s] INFO:colcon.colcon_core.shell:Creating prefix chain script '/home/kim/wheelchair_ws/install/setup.zsh'
