[0.206s] DEBUG:colcon:Command line arguments: ['/usr/bin/colcon', 'build', '--symlink-install']
[0.206s] DEBUG:colcon:Parsed command line arguments: Namespace(log_base=None, log_level=None, verb_name='build', build_base='build', install_base='install', merge_install=False, symlink_install=True, test_result_base=None, continue_on_error=False, executor='parallel', parallel_workers=12, event_handlers=None, ignore_user_meta=False, metas=['./colcon.meta'], base_paths=['.'], packages_ignore=None, packages_ignore_regex=None, paths=None, packages_up_to=None, packages_up_to_regex=None, packages_above=None, packages_above_and_dependencies=None, packages_above_depth=None, packages_select_by_dep=None, packages_skip_by_dep=None, packages_skip_up_to=None, packages_select_build_failed=False, packages_skip_build_finished=False, packages_select_test_failures=False, packages_skip_test_passed=False, packages_select=None, packages_skip=None, packages_select_regex=None, packages_skip_regex=None, packages_start=None, packages_end=None, allow_overriding=[], cmake_args=None, cmake_target=None, cmake_target_skip_unavailable=False, cmake_clean_cache=False, cmake_clean_first=False, cmake_force_configure=False, ament_cmake_args=None, catkin_cmake_args=None, catkin_skip_building_tests=False, verb_parser=<colcon_defaults.argument_parser.defaults.DefaultArgumentsDecorator object at 0x77341ec397b0>, verb_extension=<colcon_core.verb.build.BuildVerb object at 0x77341ec38a90>, main=<bound method BuildVerb.main of <colcon_core.verb.build.BuildVerb object at 0x77341ec38a90>>)
[0.509s] Level 1:colcon.colcon_core.package_discovery:discover_packages(colcon_meta) check parameters
[0.509s] Level 1:colcon.colcon_core.package_discovery:discover_packages(recursive) check parameters
[0.510s] Level 1:colcon.colcon_core.package_discovery:discover_packages(ignore) check parameters
[0.510s] Level 1:colcon.colcon_core.package_discovery:discover_packages(path) check parameters
[0.510s] Level 1:colcon.colcon_core.package_discovery:discover_packages(colcon_meta) discover
[0.510s] Level 1:colcon.colcon_core.package_discovery:discover_packages(recursive) discover
[0.510s] INFO:colcon.colcon_core.package_discovery:Crawling recursively for packages in '/home/kim/wheelchair_ws'
[0.510s] Level 1:colcon.colcon_core.package_identification:_identify(.) by extensions ['ignore', 'ignore_ament_install']
[0.518s] Level 1:colcon.colcon_core.package_identification:_identify(.) by extension 'ignore'
[0.519s] Level 1:colcon.colcon_core.package_identification:_identify(.) by extension 'ignore_ament_install'
[0.519s] Level 1:colcon.colcon_core.package_identification:_identify(.) by extensions ['colcon_pkg']
[0.519s] Level 1:colcon.colcon_core.package_identification:_identify(.) by extension 'colcon_pkg'
[0.519s] Level 1:colcon.colcon_core.package_identification:_identify(.) by extensions ['colcon_meta']
[0.519s] Level 1:colcon.colcon_core.package_identification:_identify(.) by extension 'colcon_meta'
[0.519s] Level 1:colcon.colcon_core.package_identification:_identify(.) by extensions ['ros']
[0.519s] Level 1:colcon.colcon_core.package_identification:_identify(.) by extension 'ros'
[0.556s] Level 1:colcon.colcon_core.package_identification:_identify(.) by extensions ['cmake', 'python']
[0.556s] Level 1:colcon.colcon_core.package_identification:_identify(.) by extension 'cmake'
[0.556s] Level 1:colcon.colcon_core.package_identification:_identify(.) by extension 'python'
[0.556s] Level 1:colcon.colcon_core.package_identification:_identify(.) by extensions ['python_setup_py']
[0.556s] Level 1:colcon.colcon_core.package_identification:_identify(.) by extension 'python_setup_py'
[0.556s] Level 1:colcon.colcon_core.package_identification:_identify(build) by extensions ['ignore', 'ignore_ament_install']
[0.556s] Level 1:colcon.colcon_core.package_identification:_identify(build) by extension 'ignore'
[0.556s] Level 1:colcon.colcon_core.package_identification:_identify(build) ignored
[0.556s] Level 1:colcon.colcon_core.package_identification:_identify(install) by extensions ['ignore', 'ignore_ament_install']
[0.556s] Level 1:colcon.colcon_core.package_identification:_identify(install) by extension 'ignore'
[0.557s] Level 1:colcon.colcon_core.package_identification:_identify(install) ignored
[0.557s] Level 1:colcon.colcon_core.package_identification:_identify(log) by extensions ['ignore', 'ignore_ament_install']
[0.557s] Level 1:colcon.colcon_core.package_identification:_identify(log) by extension 'ignore'
[0.557s] Level 1:colcon.colcon_core.package_identification:_identify(log) ignored
[0.557s] Level 1:colcon.colcon_core.package_identification:_identify(maps) by extensions ['ignore', 'ignore_ament_install']
[0.557s] Level 1:colcon.colcon_core.package_identification:_identify(maps) by extension 'ignore'
[0.557s] Level 1:colcon.colcon_core.package_identification:_identify(maps) by extension 'ignore_ament_install'
[0.557s] Level 1:colcon.colcon_core.package_identification:_identify(maps) by extensions ['colcon_pkg']
[0.557s] Level 1:colcon.colcon_core.package_identification:_identify(maps) by extension 'colcon_pkg'
[0.557s] Level 1:colcon.colcon_core.package_identification:_identify(maps) by extensions ['colcon_meta']
[0.557s] Level 1:colcon.colcon_core.package_identification:_identify(maps) by extension 'colcon_meta'
[0.557s] Level 1:colcon.colcon_core.package_identification:_identify(maps) by extensions ['ros']
[0.557s] Level 1:colcon.colcon_core.package_identification:_identify(maps) by extension 'ros'
[0.558s] Level 1:colcon.colcon_core.package_identification:_identify(maps) by extensions ['cmake', 'python']
[0.558s] Level 1:colcon.colcon_core.package_identification:_identify(maps) by extension 'cmake'
[0.558s] Level 1:colcon.colcon_core.package_identification:_identify(maps) by extension 'python'
[0.558s] Level 1:colcon.colcon_core.package_identification:_identify(maps) by extensions ['python_setup_py']
[0.558s] Level 1:colcon.colcon_core.package_identification:_identify(maps) by extension 'python_setup_py'
[0.558s] Level 1:colcon.colcon_core.package_identification:_identify(src) by extensions ['ignore', 'ignore_ament_install']
[0.558s] Level 1:colcon.colcon_core.package_identification:_identify(src) by extension 'ignore'
[0.558s] Level 1:colcon.colcon_core.package_identification:_identify(src) by extension 'ignore_ament_install'
[0.558s] Level 1:colcon.colcon_core.package_identification:_identify(src) by extensions ['colcon_pkg']
[0.558s] Level 1:colcon.colcon_core.package_identification:_identify(src) by extension 'colcon_pkg'
[0.558s] Level 1:colcon.colcon_core.package_identification:_identify(src) by extensions ['colcon_meta']
[0.558s] Level 1:colcon.colcon_core.package_identification:_identify(src) by extension 'colcon_meta'
[0.558s] Level 1:colcon.colcon_core.package_identification:_identify(src) by extensions ['ros']
[0.558s] Level 1:colcon.colcon_core.package_identification:_identify(src) by extension 'ros'
[0.558s] Level 1:colcon.colcon_core.package_identification:_identify(src) by extensions ['cmake', 'python']
[0.558s] Level 1:colcon.colcon_core.package_identification:_identify(src) by extension 'cmake'
[0.558s] Level 1:colcon.colcon_core.package_identification:_identify(src) by extension 'python'
[0.559s] Level 1:colcon.colcon_core.package_identification:_identify(src) by extensions ['python_setup_py']
[0.559s] Level 1:colcon.colcon_core.package_identification:_identify(src) by extension 'python_setup_py'
[0.559s] Level 1:colcon.colcon_core.package_identification:_identify(src/wheelchair_core) by extensions ['ignore', 'ignore_ament_install']
[0.559s] Level 1:colcon.colcon_core.package_identification:_identify(src/wheelchair_core) by extension 'ignore'
[0.559s] Level 1:colcon.colcon_core.package_identification:_identify(src/wheelchair_core) by extension 'ignore_ament_install'
[0.559s] Level 1:colcon.colcon_core.package_identification:_identify(src/wheelchair_core) by extensions ['colcon_pkg']
[0.559s] Level 1:colcon.colcon_core.package_identification:_identify(src/wheelchair_core) by extension 'colcon_pkg'
[0.559s] Level 1:colcon.colcon_core.package_identification:_identify(src/wheelchair_core) by extensions ['colcon_meta']
[0.559s] Level 1:colcon.colcon_core.package_identification:_identify(src/wheelchair_core) by extension 'colcon_meta'
[0.559s] Level 1:colcon.colcon_core.package_identification:_identify(src/wheelchair_core) by extensions ['ros']
[0.559s] Level 1:colcon.colcon_core.package_identification:_identify(src/wheelchair_core) by extension 'ros'
[0.563s] DEBUG:colcon.colcon_core.package_identification:Package 'src/wheelchair_core' with type 'ros.ament_python' and name 'wheelchair_core'
[0.563s] Level 1:colcon.colcon_core.package_identification:_identify(src/wheelchair_robot) by extensions ['ignore', 'ignore_ament_install']
[0.563s] Level 1:colcon.colcon_core.package_identification:_identify(src/wheelchair_robot) by extension 'ignore'
[0.564s] Level 1:colcon.colcon_core.package_identification:_identify(src/wheelchair_robot) by extension 'ignore_ament_install'
[0.564s] Level 1:colcon.colcon_core.package_identification:_identify(src/wheelchair_robot) by extensions ['colcon_pkg']
[0.564s] Level 1:colcon.colcon_core.package_identification:_identify(src/wheelchair_robot) by extension 'colcon_pkg'
[0.564s] Level 1:colcon.colcon_core.package_identification:_identify(src/wheelchair_robot) by extensions ['colcon_meta']
[0.564s] Level 1:colcon.colcon_core.package_identification:_identify(src/wheelchair_robot) by extension 'colcon_meta'
[0.564s] Level 1:colcon.colcon_core.package_identification:_identify(src/wheelchair_robot) by extensions ['ros']
[0.564s] Level 1:colcon.colcon_core.package_identification:_identify(src/wheelchair_robot) by extension 'ros'
[0.564s] Level 1:colcon.colcon_core.package_identification:_identify(src/wheelchair_robot) by extensions ['cmake', 'python']
[0.564s] Level 1:colcon.colcon_core.package_identification:_identify(src/wheelchair_robot) by extension 'cmake'
[0.564s] Level 1:colcon.colcon_core.package_identification:_identify(src/wheelchair_robot) by extension 'python'
[0.564s] Level 1:colcon.colcon_core.package_identification:_identify(src/wheelchair_robot) by extensions ['python_setup_py']
[0.564s] Level 1:colcon.colcon_core.package_identification:_identify(src/wheelchair_robot) by extension 'python_setup_py'
[0.564s] Level 1:colcon.colcon_core.package_identification:_identify(src/wheelchair_robot/wheelchair_robot_ai) by extensions ['ignore', 'ignore_ament_install']
[0.564s] Level 1:colcon.colcon_core.package_identification:_identify(src/wheelchair_robot/wheelchair_robot_ai) by extension 'ignore'
[0.564s] Level 1:colcon.colcon_core.package_identification:_identify(src/wheelchair_robot/wheelchair_robot_ai) by extension 'ignore_ament_install'
[0.565s] Level 1:colcon.colcon_core.package_identification:_identify(src/wheelchair_robot/wheelchair_robot_ai) by extensions ['colcon_pkg']
[0.565s] Level 1:colcon.colcon_core.package_identification:_identify(src/wheelchair_robot/wheelchair_robot_ai) by extension 'colcon_pkg'
[0.565s] Level 1:colcon.colcon_core.package_identification:_identify(src/wheelchair_robot/wheelchair_robot_ai) by extensions ['colcon_meta']
[0.565s] Level 1:colcon.colcon_core.package_identification:_identify(src/wheelchair_robot/wheelchair_robot_ai) by extension 'colcon_meta'
[0.565s] Level 1:colcon.colcon_core.package_identification:_identify(src/wheelchair_robot/wheelchair_robot_ai) by extensions ['ros']
[0.565s] Level 1:colcon.colcon_core.package_identification:_identify(src/wheelchair_robot/wheelchair_robot_ai) by extension 'ros'
[0.566s] DEBUG:colcon.colcon_core.package_identification:Package 'src/wheelchair_robot/wheelchair_robot_ai' with type 'ros.ament_python' and name 'wheelchair_robot_ai'
[0.566s] Level 1:colcon.colcon_core.package_identification:_identify(src/wheelchair_robot/wheelchair_robot_cartographer) by extensions ['ignore', 'ignore_ament_install']
[0.566s] Level 1:colcon.colcon_core.package_identification:_identify(src/wheelchair_robot/wheelchair_robot_cartographer) by extension 'ignore'
[0.566s] Level 1:colcon.colcon_core.package_identification:_identify(src/wheelchair_robot/wheelchair_robot_cartographer) by extension 'ignore_ament_install'
[0.566s] Level 1:colcon.colcon_core.package_identification:_identify(src/wheelchair_robot/wheelchair_robot_cartographer) by extensions ['colcon_pkg']
[0.566s] Level 1:colcon.colcon_core.package_identification:_identify(src/wheelchair_robot/wheelchair_robot_cartographer) by extension 'colcon_pkg'
[0.566s] Level 1:colcon.colcon_core.package_identification:_identify(src/wheelchair_robot/wheelchair_robot_cartographer) by extensions ['colcon_meta']
[0.566s] Level 1:colcon.colcon_core.package_identification:_identify(src/wheelchair_robot/wheelchair_robot_cartographer) by extension 'colcon_meta'
[0.566s] Level 1:colcon.colcon_core.package_identification:_identify(src/wheelchair_robot/wheelchair_robot_cartographer) by extensions ['ros']
[0.566s] Level 1:colcon.colcon_core.package_identification:_identify(src/wheelchair_robot/wheelchair_robot_cartographer) by extension 'ros'
[0.567s] DEBUG:colcon.colcon_core.package_identification:Package 'src/wheelchair_robot/wheelchair_robot_cartographer' with type 'ros.ament_cmake' and name 'wheelchair_robot_cartographer'
[0.567s] Level 1:colcon.colcon_core.package_identification:_identify(src/wheelchair_robot/wheelchair_robot_control) by extensions ['ignore', 'ignore_ament_install']
[0.567s] Level 1:colcon.colcon_core.package_identification:_identify(src/wheelchair_robot/wheelchair_robot_control) by extension 'ignore'
[0.567s] Level 1:colcon.colcon_core.package_identification:_identify(src/wheelchair_robot/wheelchair_robot_control) by extension 'ignore_ament_install'
[0.567s] Level 1:colcon.colcon_core.package_identification:_identify(src/wheelchair_robot/wheelchair_robot_control) by extensions ['colcon_pkg']
[0.567s] Level 1:colcon.colcon_core.package_identification:_identify(src/wheelchair_robot/wheelchair_robot_control) by extension 'colcon_pkg'
[0.567s] Level 1:colcon.colcon_core.package_identification:_identify(src/wheelchair_robot/wheelchair_robot_control) by extensions ['colcon_meta']
[0.567s] Level 1:colcon.colcon_core.package_identification:_identify(src/wheelchair_robot/wheelchair_robot_control) by extension 'colcon_meta'
[0.567s] Level 1:colcon.colcon_core.package_identification:_identify(src/wheelchair_robot/wheelchair_robot_control) by extensions ['ros']
[0.567s] Level 1:colcon.colcon_core.package_identification:_identify(src/wheelchair_robot/wheelchair_robot_control) by extension 'ros'
[0.568s] DEBUG:colcon.colcon_core.package_identification:Package 'src/wheelchair_robot/wheelchair_robot_control' with type 'ros.ament_python' and name 'wheelchair_robot_control'
[0.569s] Level 1:colcon.colcon_core.package_identification:_identify(src/wheelchair_robot/wheelchair_robot_description) by extensions ['ignore', 'ignore_ament_install']
[0.569s] Level 1:colcon.colcon_core.package_identification:_identify(src/wheelchair_robot/wheelchair_robot_description) by extension 'ignore'
[0.569s] Level 1:colcon.colcon_core.package_identification:_identify(src/wheelchair_robot/wheelchair_robot_description) by extension 'ignore_ament_install'
[0.569s] Level 1:colcon.colcon_core.package_identification:_identify(src/wheelchair_robot/wheelchair_robot_description) by extensions ['colcon_pkg']
[0.569s] Level 1:colcon.colcon_core.package_identification:_identify(src/wheelchair_robot/wheelchair_robot_description) by extension 'colcon_pkg'
[0.569s] Level 1:colcon.colcon_core.package_identification:_identify(src/wheelchair_robot/wheelchair_robot_description) by extensions ['colcon_meta']
[0.569s] Level 1:colcon.colcon_core.package_identification:_identify(src/wheelchair_robot/wheelchair_robot_description) by extension 'colcon_meta'
[0.569s] Level 1:colcon.colcon_core.package_identification:_identify(src/wheelchair_robot/wheelchair_robot_description) by extensions ['ros']
[0.569s] Level 1:colcon.colcon_core.package_identification:_identify(src/wheelchair_robot/wheelchair_robot_description) by extension 'ros'
[0.570s] DEBUG:colcon.colcon_core.package_identification:Package 'src/wheelchair_robot/wheelchair_robot_description' with type 'ros.ament_cmake' and name 'wheelchair_robot_description'
[0.570s] Level 1:colcon.colcon_core.package_identification:_identify(src/wheelchair_robot/wheelchair_robot_navigation2) by extensions ['ignore', 'ignore_ament_install']
[0.570s] Level 1:colcon.colcon_core.package_identification:_identify(src/wheelchair_robot/wheelchair_robot_navigation2) by extension 'ignore'
[0.570s] Level 1:colcon.colcon_core.package_identification:_identify(src/wheelchair_robot/wheelchair_robot_navigation2) by extension 'ignore_ament_install'
[0.570s] Level 1:colcon.colcon_core.package_identification:_identify(src/wheelchair_robot/wheelchair_robot_navigation2) by extensions ['colcon_pkg']
[0.570s] Level 1:colcon.colcon_core.package_identification:_identify(src/wheelchair_robot/wheelchair_robot_navigation2) by extension 'colcon_pkg'
[0.570s] Level 1:colcon.colcon_core.package_identification:_identify(src/wheelchair_robot/wheelchair_robot_navigation2) by extensions ['colcon_meta']
[0.570s] Level 1:colcon.colcon_core.package_identification:_identify(src/wheelchair_robot/wheelchair_robot_navigation2) by extension 'colcon_meta'
[0.570s] Level 1:colcon.colcon_core.package_identification:_identify(src/wheelchair_robot/wheelchair_robot_navigation2) by extensions ['ros']
[0.570s] Level 1:colcon.colcon_core.package_identification:_identify(src/wheelchair_robot/wheelchair_robot_navigation2) by extension 'ros'
[0.571s] DEBUG:colcon.colcon_core.package_identification:Package 'src/wheelchair_robot/wheelchair_robot_navigation2' with type 'ros.ament_cmake' and name 'wheelchair_robot_navigation2'
[0.571s] Level 1:colcon.colcon_core.package_identification:_identify(src/wheelchair_robot/wheelchair_robot_teleop) by extensions ['ignore', 'ignore_ament_install']
[0.571s] Level 1:colcon.colcon_core.package_identification:_identify(src/wheelchair_robot/wheelchair_robot_teleop) by extension 'ignore'
[0.571s] Level 1:colcon.colcon_core.package_identification:_identify(src/wheelchair_robot/wheelchair_robot_teleop) by extension 'ignore_ament_install'
[0.571s] Level 1:colcon.colcon_core.package_identification:_identify(src/wheelchair_robot/wheelchair_robot_teleop) by extensions ['colcon_pkg']
[0.571s] Level 1:colcon.colcon_core.package_identification:_identify(src/wheelchair_robot/wheelchair_robot_teleop) by extension 'colcon_pkg'
[0.572s] Level 1:colcon.colcon_core.package_identification:_identify(src/wheelchair_robot/wheelchair_robot_teleop) by extensions ['colcon_meta']
[0.572s] Level 1:colcon.colcon_core.package_identification:_identify(src/wheelchair_robot/wheelchair_robot_teleop) by extension 'colcon_meta'
[0.572s] Level 1:colcon.colcon_core.package_identification:_identify(src/wheelchair_robot/wheelchair_robot_teleop) by extensions ['ros']
[0.572s] Level 1:colcon.colcon_core.package_identification:_identify(src/wheelchair_robot/wheelchair_robot_teleop) by extension 'ros'
[0.572s] DEBUG:colcon.colcon_core.package_identification:Package 'src/wheelchair_robot/wheelchair_robot_teleop' with type 'ros.ament_python' and name 'wheelchair_robot_teleop'
[0.572s] Level 1:colcon.colcon_core.package_discovery:discover_packages(recursive) using defaults
[0.572s] Level 1:colcon.colcon_core.package_discovery:discover_packages(ignore) discover
[0.573s] Level 1:colcon.colcon_core.package_discovery:discover_packages(ignore) using defaults
[0.573s] Level 1:colcon.colcon_core.package_discovery:discover_packages(path) discover
[0.573s] Level 1:colcon.colcon_core.package_discovery:discover_packages(path) using defaults
[0.601s] Level 1:colcon.colcon_core.package_discovery:discover_packages(prefix_path) check parameters
[0.601s] Level 1:colcon.colcon_core.package_discovery:discover_packages(prefix_path) discover
[0.604s] DEBUG:colcon.colcon_installed_package_information.package_discovery:Found 7 installed packages in /home/kim/wheelchair_ws/install
[0.606s] DEBUG:colcon.colcon_installed_package_information.package_discovery:Found 410 installed packages in /opt/ros/humble
[0.608s] Level 1:colcon.colcon_core.package_discovery:discover_packages(prefix_path) using defaults
[0.673s] Level 5:colcon.colcon_core.verb:set package 'wheelchair_core' build argument 'cmake_args' from command line to 'None'
[0.674s] Level 5:colcon.colcon_core.verb:set package 'wheelchair_core' build argument 'cmake_target' from command line to 'None'
[0.674s] Level 5:colcon.colcon_core.verb:set package 'wheelchair_core' build argument 'cmake_target_skip_unavailable' from command line to 'False'
[0.674s] Level 5:colcon.colcon_core.verb:set package 'wheelchair_core' build argument 'cmake_clean_cache' from command line to 'False'
[0.674s] Level 5:colcon.colcon_core.verb:set package 'wheelchair_core' build argument 'cmake_clean_first' from command line to 'False'
[0.674s] Level 5:colcon.colcon_core.verb:set package 'wheelchair_core' build argument 'cmake_force_configure' from command line to 'False'
[0.674s] Level 5:colcon.colcon_core.verb:set package 'wheelchair_core' build argument 'ament_cmake_args' from command line to 'None'
[0.674s] Level 5:colcon.colcon_core.verb:set package 'wheelchair_core' build argument 'catkin_cmake_args' from command line to 'None'
[0.674s] Level 5:colcon.colcon_core.verb:set package 'wheelchair_core' build argument 'catkin_skip_building_tests' from command line to 'False'
[0.674s] DEBUG:colcon.colcon_core.verb:Building package 'wheelchair_core' with the following arguments: {'ament_cmake_args': None, 'build_base': '/home/kim/wheelchair_ws/build/wheelchair_core', 'catkin_cmake_args': None, 'catkin_skip_building_tests': False, 'cmake_args': None, 'cmake_clean_cache': False, 'cmake_clean_first': False, 'cmake_force_configure': False, 'cmake_target': None, 'cmake_target_skip_unavailable': False, 'install_base': '/home/kim/wheelchair_ws/install/wheelchair_core', 'merge_install': False, 'path': '/home/kim/wheelchair_ws/src/wheelchair_core', 'symlink_install': True, 'test_result_base': None}
[0.674s] Level 5:colcon.colcon_core.verb:set package 'wheelchair_robot_ai' build argument 'cmake_args' from command line to 'None'
[0.674s] Level 5:colcon.colcon_core.verb:set package 'wheelchair_robot_ai' build argument 'cmake_target' from command line to 'None'
[0.674s] Level 5:colcon.colcon_core.verb:set package 'wheelchair_robot_ai' build argument 'cmake_target_skip_unavailable' from command line to 'False'
[0.674s] Level 5:colcon.colcon_core.verb:set package 'wheelchair_robot_ai' build argument 'cmake_clean_cache' from command line to 'False'
[0.674s] Level 5:colcon.colcon_core.verb:set package 'wheelchair_robot_ai' build argument 'cmake_clean_first' from command line to 'False'
[0.674s] Level 5:colcon.colcon_core.verb:set package 'wheelchair_robot_ai' build argument 'cmake_force_configure' from command line to 'False'
[0.674s] Level 5:colcon.colcon_core.verb:set package 'wheelchair_robot_ai' build argument 'ament_cmake_args' from command line to 'None'
[0.674s] Level 5:colcon.colcon_core.verb:set package 'wheelchair_robot_ai' build argument 'catkin_cmake_args' from command line to 'None'
[0.675s] Level 5:colcon.colcon_core.verb:set package 'wheelchair_robot_ai' build argument 'catkin_skip_building_tests' from command line to 'False'
[0.675s] DEBUG:colcon.colcon_core.verb:Building package 'wheelchair_robot_ai' with the following arguments: {'ament_cmake_args': None, 'build_base': '/home/kim/wheelchair_ws/build/wheelchair_robot_ai', 'catkin_cmake_args': None, 'catkin_skip_building_tests': False, 'cmake_args': None, 'cmake_clean_cache': False, 'cmake_clean_first': False, 'cmake_force_configure': False, 'cmake_target': None, 'cmake_target_skip_unavailable': False, 'install_base': '/home/kim/wheelchair_ws/install/wheelchair_robot_ai', 'merge_install': False, 'path': '/home/kim/wheelchair_ws/src/wheelchair_robot/wheelchair_robot_ai', 'symlink_install': True, 'test_result_base': None}
[0.675s] Level 5:colcon.colcon_core.verb:set package 'wheelchair_robot_cartographer' build argument 'cmake_args' from command line to 'None'
[0.675s] Level 5:colcon.colcon_core.verb:set package 'wheelchair_robot_cartographer' build argument 'cmake_target' from command line to 'None'
[0.675s] Level 5:colcon.colcon_core.verb:set package 'wheelchair_robot_cartographer' build argument 'cmake_target_skip_unavailable' from command line to 'False'
[0.675s] Level 5:colcon.colcon_core.verb:set package 'wheelchair_robot_cartographer' build argument 'cmake_clean_cache' from command line to 'False'
[0.675s] Level 5:colcon.colcon_core.verb:set package 'wheelchair_robot_cartographer' build argument 'cmake_clean_first' from command line to 'False'
[0.675s] Level 5:colcon.colcon_core.verb:set package 'wheelchair_robot_cartographer' build argument 'cmake_force_configure' from command line to 'False'
[0.675s] Level 5:colcon.colcon_core.verb:set package 'wheelchair_robot_cartographer' build argument 'ament_cmake_args' from command line to 'None'
[0.675s] Level 5:colcon.colcon_core.verb:set package 'wheelchair_robot_cartographer' build argument 'catkin_cmake_args' from command line to 'None'
[0.675s] Level 5:colcon.colcon_core.verb:set package 'wheelchair_robot_cartographer' build argument 'catkin_skip_building_tests' from command line to 'False'
[0.675s] DEBUG:colcon.colcon_core.verb:Building package 'wheelchair_robot_cartographer' with the following arguments: {'ament_cmake_args': None, 'build_base': '/home/kim/wheelchair_ws/build/wheelchair_robot_cartographer', 'catkin_cmake_args': None, 'catkin_skip_building_tests': False, 'cmake_args': None, 'cmake_clean_cache': False, 'cmake_clean_first': False, 'cmake_force_configure': False, 'cmake_target': None, 'cmake_target_skip_unavailable': False, 'install_base': '/home/kim/wheelchair_ws/install/wheelchair_robot_cartographer', 'merge_install': False, 'path': '/home/kim/wheelchair_ws/src/wheelchair_robot/wheelchair_robot_cartographer', 'symlink_install': True, 'test_result_base': None}
[0.676s] Level 5:colcon.colcon_core.verb:set package 'wheelchair_robot_control' build argument 'cmake_args' from command line to 'None'
[0.676s] Level 5:colcon.colcon_core.verb:set package 'wheelchair_robot_control' build argument 'cmake_target' from command line to 'None'
[0.676s] Level 5:colcon.colcon_core.verb:set package 'wheelchair_robot_control' build argument 'cmake_target_skip_unavailable' from command line to 'False'
[0.676s] Level 5:colcon.colcon_core.verb:set package 'wheelchair_robot_control' build argument 'cmake_clean_cache' from command line to 'False'
[0.676s] Level 5:colcon.colcon_core.verb:set package 'wheelchair_robot_control' build argument 'cmake_clean_first' from command line to 'False'
[0.676s] Level 5:colcon.colcon_core.verb:set package 'wheelchair_robot_control' build argument 'cmake_force_configure' from command line to 'False'
[0.676s] Level 5:colcon.colcon_core.verb:set package 'wheelchair_robot_control' build argument 'ament_cmake_args' from command line to 'None'
[0.676s] Level 5:colcon.colcon_core.verb:set package 'wheelchair_robot_control' build argument 'catkin_cmake_args' from command line to 'None'
[0.676s] Level 5:colcon.colcon_core.verb:set package 'wheelchair_robot_control' build argument 'catkin_skip_building_tests' from command line to 'False'
[0.676s] DEBUG:colcon.colcon_core.verb:Building package 'wheelchair_robot_control' with the following arguments: {'ament_cmake_args': None, 'build_base': '/home/kim/wheelchair_ws/build/wheelchair_robot_control', 'catkin_cmake_args': None, 'catkin_skip_building_tests': False, 'cmake_args': None, 'cmake_clean_cache': False, 'cmake_clean_first': False, 'cmake_force_configure': False, 'cmake_target': None, 'cmake_target_skip_unavailable': False, 'install_base': '/home/kim/wheelchair_ws/install/wheelchair_robot_control', 'merge_install': False, 'path': '/home/kim/wheelchair_ws/src/wheelchair_robot/wheelchair_robot_control', 'symlink_install': True, 'test_result_base': None}
[0.676s] Level 5:colcon.colcon_core.verb:set package 'wheelchair_robot_description' build argument 'cmake_args' from command line to 'None'
[0.676s] Level 5:colcon.colcon_core.verb:set package 'wheelchair_robot_description' build argument 'cmake_target' from command line to 'None'
[0.677s] Level 5:colcon.colcon_core.verb:set package 'wheelchair_robot_description' build argument 'cmake_target_skip_unavailable' from command line to 'False'
[0.677s] Level 5:colcon.colcon_core.verb:set package 'wheelchair_robot_description' build argument 'cmake_clean_cache' from command line to 'False'
[0.677s] Level 5:colcon.colcon_core.verb:set package 'wheelchair_robot_description' build argument 'cmake_clean_first' from command line to 'False'
[0.677s] Level 5:colcon.colcon_core.verb:set package 'wheelchair_robot_description' build argument 'cmake_force_configure' from command line to 'False'
[0.677s] Level 5:colcon.colcon_core.verb:set package 'wheelchair_robot_description' build argument 'ament_cmake_args' from command line to 'None'
[0.677s] Level 5:colcon.colcon_core.verb:set package 'wheelchair_robot_description' build argument 'catkin_cmake_args' from command line to 'None'
[0.677s] Level 5:colcon.colcon_core.verb:set package 'wheelchair_robot_description' build argument 'catkin_skip_building_tests' from command line to 'False'
[0.677s] DEBUG:colcon.colcon_core.verb:Building package 'wheelchair_robot_description' with the following arguments: {'ament_cmake_args': None, 'build_base': '/home/kim/wheelchair_ws/build/wheelchair_robot_description', 'catkin_cmake_args': None, 'catkin_skip_building_tests': False, 'cmake_args': None, 'cmake_clean_cache': False, 'cmake_clean_first': False, 'cmake_force_configure': False, 'cmake_target': None, 'cmake_target_skip_unavailable': False, 'install_base': '/home/kim/wheelchair_ws/install/wheelchair_robot_description', 'merge_install': False, 'path': '/home/kim/wheelchair_ws/src/wheelchair_robot/wheelchair_robot_description', 'symlink_install': True, 'test_result_base': None}
[0.677s] Level 5:colcon.colcon_core.verb:set package 'wheelchair_robot_navigation2' build argument 'cmake_args' from command line to 'None'
[0.677s] Level 5:colcon.colcon_core.verb:set package 'wheelchair_robot_navigation2' build argument 'cmake_target' from command line to 'None'
[0.677s] Level 5:colcon.colcon_core.verb:set package 'wheelchair_robot_navigation2' build argument 'cmake_target_skip_unavailable' from command line to 'False'
[0.677s] Level 5:colcon.colcon_core.verb:set package 'wheelchair_robot_navigation2' build argument 'cmake_clean_cache' from command line to 'False'
[0.677s] Level 5:colcon.colcon_core.verb:set package 'wheelchair_robot_navigation2' build argument 'cmake_clean_first' from command line to 'False'
[0.677s] Level 5:colcon.colcon_core.verb:set package 'wheelchair_robot_navigation2' build argument 'cmake_force_configure' from command line to 'False'
[0.677s] Level 5:colcon.colcon_core.verb:set package 'wheelchair_robot_navigation2' build argument 'ament_cmake_args' from command line to 'None'
[0.677s] Level 5:colcon.colcon_core.verb:set package 'wheelchair_robot_navigation2' build argument 'catkin_cmake_args' from command line to 'None'
[0.677s] Level 5:colcon.colcon_core.verb:set package 'wheelchair_robot_navigation2' build argument 'catkin_skip_building_tests' from command line to 'False'
[0.677s] DEBUG:colcon.colcon_core.verb:Building package 'wheelchair_robot_navigation2' with the following arguments: {'ament_cmake_args': None, 'build_base': '/home/kim/wheelchair_ws/build/wheelchair_robot_navigation2', 'catkin_cmake_args': None, 'catkin_skip_building_tests': False, 'cmake_args': None, 'cmake_clean_cache': False, 'cmake_clean_first': False, 'cmake_force_configure': False, 'cmake_target': None, 'cmake_target_skip_unavailable': False, 'install_base': '/home/kim/wheelchair_ws/install/wheelchair_robot_navigation2', 'merge_install': False, 'path': '/home/kim/wheelchair_ws/src/wheelchair_robot/wheelchair_robot_navigation2', 'symlink_install': True, 'test_result_base': None}
[0.678s] Level 5:colcon.colcon_core.verb:set package 'wheelchair_robot_teleop' build argument 'cmake_args' from command line to 'None'
[0.678s] Level 5:colcon.colcon_core.verb:set package 'wheelchair_robot_teleop' build argument 'cmake_target' from command line to 'None'
[0.678s] Level 5:colcon.colcon_core.verb:set package 'wheelchair_robot_teleop' build argument 'cmake_target_skip_unavailable' from command line to 'False'
[0.678s] Level 5:colcon.colcon_core.verb:set package 'wheelchair_robot_teleop' build argument 'cmake_clean_cache' from command line to 'False'
[0.678s] Level 5:colcon.colcon_core.verb:set package 'wheelchair_robot_teleop' build argument 'cmake_clean_first' from command line to 'False'
[0.678s] Level 5:colcon.colcon_core.verb:set package 'wheelchair_robot_teleop' build argument 'cmake_force_configure' from command line to 'False'
[0.678s] Level 5:colcon.colcon_core.verb:set package 'wheelchair_robot_teleop' build argument 'ament_cmake_args' from command line to 'None'
[0.678s] Level 5:colcon.colcon_core.verb:set package 'wheelchair_robot_teleop' build argument 'catkin_cmake_args' from command line to 'None'
[0.678s] Level 5:colcon.colcon_core.verb:set package 'wheelchair_robot_teleop' build argument 'catkin_skip_building_tests' from command line to 'False'
[0.678s] DEBUG:colcon.colcon_core.verb:Building package 'wheelchair_robot_teleop' with the following arguments: {'ament_cmake_args': None, 'build_base': '/home/kim/wheelchair_ws/build/wheelchair_robot_teleop', 'catkin_cmake_args': None, 'catkin_skip_building_tests': False, 'cmake_args': None, 'cmake_clean_cache': False, 'cmake_clean_first': False, 'cmake_force_configure': False, 'cmake_target': None, 'cmake_target_skip_unavailable': False, 'install_base': '/home/kim/wheelchair_ws/install/wheelchair_robot_teleop', 'merge_install': False, 'path': '/home/kim/wheelchair_ws/src/wheelchair_robot/wheelchair_robot_teleop', 'symlink_install': True, 'test_result_base': None}
[0.678s] INFO:colcon.colcon_core.executor:Executing jobs using 'parallel' executor
[0.679s] DEBUG:colcon.colcon_parallel_executor.executor.parallel:run_until_complete
[0.680s] INFO:colcon.colcon_ros.task.ament_python.build:Building ROS package in '/home/kim/wheelchair_ws/src/wheelchair_core' with build type 'ament_python'
[0.680s] Level 1:colcon.colcon_core.shell:create_environment_hook('wheelchair_core', 'ament_prefix_path')
[0.686s] INFO:colcon.colcon_core.plugin_system:Skipping extension 'colcon_core.shell.bat': Not used on non-Windows systems
[0.687s] INFO:colcon.colcon_core.shell:Creating environment hook '/home/kim/wheelchair_ws/install/wheelchair_core/share/wheelchair_core/hook/ament_prefix_path.ps1'
[0.687s] INFO:colcon.colcon_core.shell:Creating environment descriptor '/home/kim/wheelchair_ws/install/wheelchair_core/share/wheelchair_core/hook/ament_prefix_path.dsv'
[0.688s] INFO:colcon.colcon_core.shell:Creating environment hook '/home/kim/wheelchair_ws/install/wheelchair_core/share/wheelchair_core/hook/ament_prefix_path.sh'
[0.689s] INFO:colcon.colcon_core.shell:Skip shell extension 'powershell' for command environment: Not usable outside of PowerShell
[0.689s] DEBUG:colcon.colcon_core.shell:Skip shell extension 'dsv' for command environment
[0.694s] INFO:colcon.colcon_ros.task.ament_python.build:Building ROS package in '/home/kim/wheelchair_ws/src/wheelchair_robot/wheelchair_robot_ai' with build type 'ament_python'
[0.694s] Level 1:colcon.colcon_core.shell:create_environment_hook('wheelchair_robot_ai', 'ament_prefix_path')
[0.694s] INFO:colcon.colcon_core.shell:Creating environment hook '/home/kim/wheelchair_ws/install/wheelchair_robot_ai/share/wheelchair_robot_ai/hook/ament_prefix_path.ps1'
[0.695s] INFO:colcon.colcon_core.shell:Creating environment descriptor '/home/kim/wheelchair_ws/install/wheelchair_robot_ai/share/wheelchair_robot_ai/hook/ament_prefix_path.dsv'
[0.695s] INFO:colcon.colcon_core.shell:Creating environment hook '/home/kim/wheelchair_ws/install/wheelchair_robot_ai/share/wheelchair_robot_ai/hook/ament_prefix_path.sh'
[0.696s] INFO:colcon.colcon_core.shell:Skip shell extension 'powershell' for command environment: Not usable outside of PowerShell
[0.696s] DEBUG:colcon.colcon_core.shell:Skip shell extension 'dsv' for command environment
[0.700s] INFO:colcon.colcon_ros.task.ament_cmake.build:Building ROS package in '/home/kim/wheelchair_ws/src/wheelchair_robot/wheelchair_robot_cartographer' with build type 'ament_cmake'
[0.700s] INFO:colcon.colcon_cmake.task.cmake.build:Building CMake package in '/home/kim/wheelchair_ws/src/wheelchair_robot/wheelchair_robot_cartographer'
[0.700s] INFO:colcon.colcon_core.shell:Skip shell extension 'powershell' for command environment: Not usable outside of PowerShell
[0.700s] DEBUG:colcon.colcon_core.shell:Skip shell extension 'dsv' for command environment
[0.704s] INFO:colcon.colcon_ros.task.ament_python.build:Building ROS package in '/home/kim/wheelchair_ws/src/wheelchair_robot/wheelchair_robot_control' with build type 'ament_python'
[0.705s] Level 1:colcon.colcon_core.shell:create_environment_hook('wheelchair_robot_control', 'ament_prefix_path')
[0.705s] INFO:colcon.colcon_core.shell:Creating environment hook '/home/kim/wheelchair_ws/install/wheelchair_robot_control/share/wheelchair_robot_control/hook/ament_prefix_path.ps1'
[0.705s] INFO:colcon.colcon_core.shell:Creating environment descriptor '/home/kim/wheelchair_ws/install/wheelchair_robot_control/share/wheelchair_robot_control/hook/ament_prefix_path.dsv'
[0.706s] INFO:colcon.colcon_core.shell:Creating environment hook '/home/kim/wheelchair_ws/install/wheelchair_robot_control/share/wheelchair_robot_control/hook/ament_prefix_path.sh'
[0.706s] INFO:colcon.colcon_core.shell:Skip shell extension 'powershell' for command environment: Not usable outside of PowerShell
[0.706s] DEBUG:colcon.colcon_core.shell:Skip shell extension 'dsv' for command environment
[0.711s] INFO:colcon.colcon_ros.task.ament_cmake.build:Building ROS package in '/home/kim/wheelchair_ws/src/wheelchair_robot/wheelchair_robot_description' with build type 'ament_cmake'
[0.711s] INFO:colcon.colcon_cmake.task.cmake.build:Building CMake package in '/home/kim/wheelchair_ws/src/wheelchair_robot/wheelchair_robot_description'
[0.711s] INFO:colcon.colcon_core.shell:Skip shell extension 'powershell' for command environment: Not usable outside of PowerShell
[0.711s] DEBUG:colcon.colcon_core.shell:Skip shell extension 'dsv' for command environment
[0.716s] INFO:colcon.colcon_ros.task.ament_cmake.build:Building ROS package in '/home/kim/wheelchair_ws/src/wheelchair_robot/wheelchair_robot_navigation2' with build type 'ament_cmake'
[0.716s] INFO:colcon.colcon_cmake.task.cmake.build:Building CMake package in '/home/kim/wheelchair_ws/src/wheelchair_robot/wheelchair_robot_navigation2'
[0.716s] INFO:colcon.colcon_core.shell:Skip shell extension 'powershell' for command environment: Not usable outside of PowerShell
[0.716s] DEBUG:colcon.colcon_core.shell:Skip shell extension 'dsv' for command environment
[0.720s] INFO:colcon.colcon_ros.task.ament_python.build:Building ROS package in '/home/kim/wheelchair_ws/src/wheelchair_robot/wheelchair_robot_teleop' with build type 'ament_python'
[0.720s] Level 1:colcon.colcon_core.shell:create_environment_hook('wheelchair_robot_teleop', 'ament_prefix_path')
[0.721s] INFO:colcon.colcon_core.shell:Creating environment hook '/home/kim/wheelchair_ws/install/wheelchair_robot_teleop/share/wheelchair_robot_teleop/hook/ament_prefix_path.ps1'
[0.721s] INFO:colcon.colcon_core.shell:Creating environment descriptor '/home/kim/wheelchair_ws/install/wheelchair_robot_teleop/share/wheelchair_robot_teleop/hook/ament_prefix_path.dsv'
[0.722s] INFO:colcon.colcon_core.shell:Creating environment hook '/home/kim/wheelchair_ws/install/wheelchair_robot_teleop/share/wheelchair_robot_teleop/hook/ament_prefix_path.sh'
[0.722s] INFO:colcon.colcon_core.shell:Skip shell extension 'powershell' for command environment: Not usable outside of PowerShell
[0.722s] DEBUG:colcon.colcon_core.shell:Skip shell extension 'dsv' for command environment
[1.156s] INFO:colcon.colcon_core.task.python.build:Building Python package in '/home/kim/wheelchair_ws/src/wheelchair_core'
[1.157s] INFO:colcon.colcon_core.shell:Skip shell extension 'powershell' for command environment: Not usable outside of PowerShell
[1.157s] DEBUG:colcon.colcon_core.shell:Skip shell extension 'dsv' for command environment
[1.587s] INFO:colcon.colcon_core.task.python.build:Building Python package in '/home/kim/wheelchair_ws/src/wheelchair_robot/wheelchair_robot_ai'
[1.587s] INFO:colcon.colcon_core.shell:Skip shell extension 'powershell' for command environment: Not usable outside of PowerShell
[1.587s] DEBUG:colcon.colcon_core.shell:Skip shell extension 'dsv' for command environment
[1.596s] DEBUG:colcon.colcon_core.event_handler.log_command:Invoking command in '/home/kim/wheelchair_ws/build/wheelchair_robot_cartographer': CMAKE_PREFIX_PATH=${CMAKE_PREFIX_PATH}:/home/kim/wheelchair_ws/install/wheelchair_robot_ai:/home/kim/wheelchair_ws/install/wheelchair_robot_teleop:/home/kim/wheelchair_ws/install/wheelchair_robot_control:/home/kim/wheelchair_ws/install/wheelchair_core:/opt/ros/humble /usr/bin/cmake --build /home/kim/wheelchair_ws/build/wheelchair_robot_cartographer -- -j12 -l12
[2.027s] INFO:colcon.colcon_core.task.python.build:Building Python package in '/home/kim/wheelchair_ws/src/wheelchair_robot/wheelchair_robot_control'
[2.027s] INFO:colcon.colcon_core.shell:Skip shell extension 'powershell' for command environment: Not usable outside of PowerShell
[2.027s] DEBUG:colcon.colcon_core.shell:Skip shell extension 'dsv' for command environment
[2.036s] DEBUG:colcon.colcon_core.event_handler.log_command:Invoking command in '/home/kim/wheelchair_ws/build/wheelchair_robot_description': CMAKE_PREFIX_PATH=${CMAKE_PREFIX_PATH}:/home/kim/wheelchair_ws/install/wheelchair_robot_ai:/home/kim/wheelchair_ws/install/wheelchair_robot_teleop:/home/kim/wheelchair_ws/install/wheelchair_robot_control:/home/kim/wheelchair_ws/install/wheelchair_core:/opt/ros/humble /usr/bin/cmake --build /home/kim/wheelchair_ws/build/wheelchair_robot_description -- -j12 -l12
[2.039s] DEBUG:colcon.colcon_core.event_handler.log_command:Invoking command in '/home/kim/wheelchair_ws/build/wheelchair_robot_navigation2': CMAKE_PREFIX_PATH=${CMAKE_PREFIX_PATH}:/home/kim/wheelchair_ws/install/wheelchair_robot_ai:/home/kim/wheelchair_ws/install/wheelchair_robot_teleop:/home/kim/wheelchair_ws/install/wheelchair_robot_control:/home/kim/wheelchair_ws/install/wheelchair_core:/opt/ros/humble /usr/bin/cmake --build /home/kim/wheelchair_ws/build/wheelchair_robot_navigation2 -- -j12 -l12
[2.476s] INFO:colcon.colcon_core.task.python.build:Building Python package in '/home/kim/wheelchair_ws/src/wheelchair_robot/wheelchair_robot_teleop'
[2.477s] INFO:colcon.colcon_core.shell:Skip shell extension 'powershell' for command environment: Not usable outside of PowerShell
[2.477s] DEBUG:colcon.colcon_core.shell:Skip shell extension 'dsv' for command environment
[2.484s] DEBUG:colcon.colcon_core.event_handler.log_command:Invoked command in '/home/kim/wheelchair_ws/build/wheelchair_robot_cartographer' returned '0': CMAKE_PREFIX_PATH=${CMAKE_PREFIX_PATH}:/home/kim/wheelchair_ws/install/wheelchair_robot_ai:/home/kim/wheelchair_ws/install/wheelchair_robot_teleop:/home/kim/wheelchair_ws/install/wheelchair_robot_control:/home/kim/wheelchair_ws/install/wheelchair_core:/opt/ros/humble /usr/bin/cmake --build /home/kim/wheelchair_ws/build/wheelchair_robot_cartographer -- -j12 -l12
[2.495s] DEBUG:colcon.colcon_core.event_handler.log_command:Invoking command in '/home/kim/wheelchair_ws/build/wheelchair_robot_cartographer': CMAKE_PREFIX_PATH=${CMAKE_PREFIX_PATH}:/home/kim/wheelchair_ws/install/wheelchair_robot_ai:/home/kim/wheelchair_ws/install/wheelchair_robot_teleop:/home/kim/wheelchair_ws/install/wheelchair_robot_control:/home/kim/wheelchair_ws/install/wheelchair_core:/opt/ros/humble /usr/bin/cmake --install /home/kim/wheelchair_ws/build/wheelchair_robot_cartographer
[2.501s] DEBUG:colcon.colcon_core.event_handler.log_command:Invoked command in '/home/kim/wheelchair_ws/build/wheelchair_robot_description' returned '0': CMAKE_PREFIX_PATH=${CMAKE_PREFIX_PATH}:/home/kim/wheelchair_ws/install/wheelchair_robot_ai:/home/kim/wheelchair_ws/install/wheelchair_robot_teleop:/home/kim/wheelchair_ws/install/wheelchair_robot_control:/home/kim/wheelchair_ws/install/wheelchair_core:/opt/ros/humble /usr/bin/cmake --build /home/kim/wheelchair_ws/build/wheelchair_robot_description -- -j12 -l12
[2.503s] DEBUG:colcon.colcon_core.event_handler.log_command:Invoking command in '/home/kim/wheelchair_ws/build/wheelchair_robot_description': CMAKE_PREFIX_PATH=${CMAKE_PREFIX_PATH}:/home/kim/wheelchair_ws/install/wheelchair_robot_ai:/home/kim/wheelchair_ws/install/wheelchair_robot_teleop:/home/kim/wheelchair_ws/install/wheelchair_robot_control:/home/kim/wheelchair_ws/install/wheelchair_core:/opt/ros/humble /usr/bin/cmake --install /home/kim/wheelchair_ws/build/wheelchair_robot_description
[2.506s] DEBUG:colcon.colcon_core.event_handler.log_command:Invoked command in '/home/kim/wheelchair_ws/build/wheelchair_robot_navigation2' returned '0': CMAKE_PREFIX_PATH=${CMAKE_PREFIX_PATH}:/home/kim/wheelchair_ws/install/wheelchair_robot_ai:/home/kim/wheelchair_ws/install/wheelchair_robot_teleop:/home/kim/wheelchair_ws/install/wheelchair_robot_control:/home/kim/wheelchair_ws/install/wheelchair_core:/opt/ros/humble /usr/bin/cmake --build /home/kim/wheelchair_ws/build/wheelchair_robot_navigation2 -- -j12 -l12
[2.507s] DEBUG:colcon.colcon_core.event_handler.log_command:Invoking command in '/home/kim/wheelchair_ws/build/wheelchair_robot_navigation2': CMAKE_PREFIX_PATH=${CMAKE_PREFIX_PATH}:/home/kim/wheelchair_ws/install/wheelchair_robot_ai:/home/kim/wheelchair_ws/install/wheelchair_robot_teleop:/home/kim/wheelchair_ws/install/wheelchair_robot_control:/home/kim/wheelchair_ws/install/wheelchair_core:/opt/ros/humble /usr/bin/cmake --install /home/kim/wheelchair_ws/build/wheelchair_robot_navigation2
[2.520s] Level 1:colcon.colcon_core.environment:create_environment_scripts_only(wheelchair_robot_cartographer)
[2.532s] Level 1:colcon.colcon_core.environment:checking '/home/kim/wheelchair_ws/install/wheelchair_robot_cartographer' for CMake module files
[2.534s] Level 1:colcon.colcon_core.environment:checking '/home/kim/wheelchair_ws/install/wheelchair_robot_cartographer' for CMake config files
[2.535s] DEBUG:colcon.colcon_core.event_handler.log_command:Invoked command in '/home/kim/wheelchair_ws/build/wheelchair_robot_cartographer' returned '0': CMAKE_PREFIX_PATH=${CMAKE_PREFIX_PATH}:/home/kim/wheelchair_ws/install/wheelchair_robot_ai:/home/kim/wheelchair_ws/install/wheelchair_robot_teleop:/home/kim/wheelchair_ws/install/wheelchair_robot_control:/home/kim/wheelchair_ws/install/wheelchair_core:/opt/ros/humble /usr/bin/cmake --install /home/kim/wheelchair_ws/build/wheelchair_robot_cartographer
[2.537s] Level 1:colcon.colcon_core.shell:create_environment_hook('wheelchair_robot_cartographer', 'cmake_prefix_path')
[2.537s] INFO:colcon.colcon_core.shell:Creating environment hook '/home/kim/wheelchair_ws/install/wheelchair_robot_cartographer/share/wheelchair_robot_cartographer/hook/cmake_prefix_path.ps1'
[2.537s] INFO:colcon.colcon_core.shell:Creating environment descriptor '/home/kim/wheelchair_ws/install/wheelchair_robot_cartographer/share/wheelchair_robot_cartographer/hook/cmake_prefix_path.dsv'
[2.538s] INFO:colcon.colcon_core.shell:Creating environment hook '/home/kim/wheelchair_ws/install/wheelchair_robot_cartographer/share/wheelchair_robot_cartographer/hook/cmake_prefix_path.sh'
[2.539s] Level 1:colcon.colcon_core.environment:checking '/home/kim/wheelchair_ws/install/wheelchair_robot_cartographer/bin'
[2.539s] Level 1:colcon.colcon_core.environment:checking '/home/kim/wheelchair_ws/install/wheelchair_robot_cartographer/lib/pkgconfig/wheelchair_robot_cartographer.pc'
[2.539s] Level 1:colcon.colcon_core.environment:checking '/home/kim/wheelchair_ws/install/wheelchair_robot_cartographer/lib/python3.10/site-packages'
[2.539s] Level 1:colcon.colcon_core.environment:checking '/home/kim/wheelchair_ws/install/wheelchair_robot_cartographer/bin'
[2.540s] INFO:colcon.colcon_core.shell:Creating package script '/home/kim/wheelchair_ws/install/wheelchair_robot_cartographer/share/wheelchair_robot_cartographer/package.ps1'
[2.541s] INFO:colcon.colcon_core.shell:Creating package descriptor '/home/kim/wheelchair_ws/install/wheelchair_robot_cartographer/share/wheelchair_robot_cartographer/package.dsv'
[2.542s] INFO:colcon.colcon_core.shell:Creating package script '/home/kim/wheelchair_ws/install/wheelchair_robot_cartographer/share/wheelchair_robot_cartographer/package.sh'
[2.543s] INFO:colcon.colcon_core.shell:Creating package script '/home/kim/wheelchair_ws/install/wheelchair_robot_cartographer/share/wheelchair_robot_cartographer/package.bash'
[2.544s] INFO:colcon.colcon_core.shell:Creating package script '/home/kim/wheelchair_ws/install/wheelchair_robot_cartographer/share/wheelchair_robot_cartographer/package.zsh'
[2.545s] Level 1:colcon.colcon_core.environment:create_file_with_runtime_dependencies(/home/kim/wheelchair_ws/install/wheelchair_robot_cartographer/share/colcon-core/packages/wheelchair_robot_cartographer)
[2.545s] Level 1:colcon.colcon_core.environment:create_environment_scripts_only(wheelchair_robot_cartographer)
[2.546s] Level 1:colcon.colcon_core.environment:checking '/home/kim/wheelchair_ws/install/wheelchair_robot_cartographer' for CMake module files
[2.546s] Level 1:colcon.colcon_core.environment:checking '/home/kim/wheelchair_ws/install/wheelchair_robot_cartographer' for CMake config files
[2.547s] Level 1:colcon.colcon_core.shell:create_environment_hook('wheelchair_robot_cartographer', 'cmake_prefix_path')
[2.547s] INFO:colcon.colcon_core.shell:Creating environment hook '/home/kim/wheelchair_ws/install/wheelchair_robot_cartographer/share/wheelchair_robot_cartographer/hook/cmake_prefix_path.ps1'
[2.555s] INFO:colcon.colcon_core.shell:Creating environment descriptor '/home/kim/wheelchair_ws/install/wheelchair_robot_cartographer/share/wheelchair_robot_cartographer/hook/cmake_prefix_path.dsv'
[2.555s] INFO:colcon.colcon_core.shell:Creating environment hook '/home/kim/wheelchair_ws/install/wheelchair_robot_cartographer/share/wheelchair_robot_cartographer/hook/cmake_prefix_path.sh'
[2.556s] Level 1:colcon.colcon_core.environment:checking '/home/kim/wheelchair_ws/install/wheelchair_robot_cartographer/bin'
[2.556s] Level 1:colcon.colcon_core.environment:checking '/home/kim/wheelchair_ws/install/wheelchair_robot_cartographer/lib/pkgconfig/wheelchair_robot_cartographer.pc'
[2.556s] Level 1:colcon.colcon_core.environment:checking '/home/kim/wheelchair_ws/install/wheelchair_robot_cartographer/lib/python3.10/site-packages'
[2.557s] Level 1:colcon.colcon_core.environment:checking '/home/kim/wheelchair_ws/install/wheelchair_robot_cartographer/bin'
[2.557s] INFO:colcon.colcon_core.shell:Creating package script '/home/kim/wheelchair_ws/install/wheelchair_robot_cartographer/share/wheelchair_robot_cartographer/package.ps1'
[2.558s] INFO:colcon.colcon_core.shell:Creating package descriptor '/home/kim/wheelchair_ws/install/wheelchair_robot_cartographer/share/wheelchair_robot_cartographer/package.dsv'
[2.559s] INFO:colcon.colcon_core.shell:Creating package script '/home/kim/wheelchair_ws/install/wheelchair_robot_cartographer/share/wheelchair_robot_cartographer/package.sh'
[2.559s] INFO:colcon.colcon_core.shell:Creating package script '/home/kim/wheelchair_ws/install/wheelchair_robot_cartographer/share/wheelchair_robot_cartographer/package.bash'
[2.560s] INFO:colcon.colcon_core.shell:Creating package script '/home/kim/wheelchair_ws/install/wheelchair_robot_cartographer/share/wheelchair_robot_cartographer/package.zsh'
[2.560s] Level 1:colcon.colcon_core.environment:create_file_with_runtime_dependencies(/home/kim/wheelchair_ws/install/wheelchair_robot_cartographer/share/colcon-core/packages/wheelchair_robot_cartographer)
[2.562s] Level 1:colcon.colcon_core.environment:create_environment_scripts_only(wheelchair_robot_description)
[2.562s] Level 1:colcon.colcon_core.environment:checking '/home/kim/wheelchair_ws/install/wheelchair_robot_description' for CMake module files
[2.563s] DEBUG:colcon.colcon_core.event_handler.log_command:Invoked command in '/home/kim/wheelchair_ws/build/wheelchair_robot_description' returned '0': CMAKE_PREFIX_PATH=${CMAKE_PREFIX_PATH}:/home/kim/wheelchair_ws/install/wheelchair_robot_ai:/home/kim/wheelchair_ws/install/wheelchair_robot_teleop:/home/kim/wheelchair_ws/install/wheelchair_robot_control:/home/kim/wheelchair_ws/install/wheelchair_core:/opt/ros/humble /usr/bin/cmake --install /home/kim/wheelchair_ws/build/wheelchair_robot_description
[2.564s] Level 1:colcon.colcon_core.environment:checking '/home/kim/wheelchair_ws/install/wheelchair_robot_description' for CMake config files
[2.564s] Level 1:colcon.colcon_core.shell:create_environment_hook('wheelchair_robot_description', 'cmake_prefix_path')
[2.564s] INFO:colcon.colcon_core.shell:Creating environment hook '/home/kim/wheelchair_ws/install/wheelchair_robot_description/share/wheelchair_robot_description/hook/cmake_prefix_path.ps1'
[2.565s] INFO:colcon.colcon_core.shell:Creating environment descriptor '/home/kim/wheelchair_ws/install/wheelchair_robot_description/share/wheelchair_robot_description/hook/cmake_prefix_path.dsv'
[2.565s] INFO:colcon.colcon_core.shell:Creating environment hook '/home/kim/wheelchair_ws/install/wheelchair_robot_description/share/wheelchair_robot_description/hook/cmake_prefix_path.sh'
[2.566s] Level 1:colcon.colcon_core.environment:checking '/home/kim/wheelchair_ws/install/wheelchair_robot_description/bin'
[2.566s] Level 1:colcon.colcon_core.environment:checking '/home/kim/wheelchair_ws/install/wheelchair_robot_description/lib/pkgconfig/wheelchair_robot_description.pc'
[2.566s] Level 1:colcon.colcon_core.environment:checking '/home/kim/wheelchair_ws/install/wheelchair_robot_description/lib/python3.10/site-packages'
[2.567s] Level 1:colcon.colcon_core.environment:checking '/home/kim/wheelchair_ws/install/wheelchair_robot_description/bin'
[2.567s] INFO:colcon.colcon_core.shell:Creating package script '/home/kim/wheelchair_ws/install/wheelchair_robot_description/share/wheelchair_robot_description/package.ps1'
[2.568s] INFO:colcon.colcon_core.shell:Creating package descriptor '/home/kim/wheelchair_ws/install/wheelchair_robot_description/share/wheelchair_robot_description/package.dsv'
[2.568s] INFO:colcon.colcon_core.shell:Creating package script '/home/kim/wheelchair_ws/install/wheelchair_robot_description/share/wheelchair_robot_description/package.sh'
[2.569s] INFO:colcon.colcon_core.shell:Creating package script '/home/kim/wheelchair_ws/install/wheelchair_robot_description/share/wheelchair_robot_description/package.bash'
[2.569s] INFO:colcon.colcon_core.shell:Creating package script '/home/kim/wheelchair_ws/install/wheelchair_robot_description/share/wheelchair_robot_description/package.zsh'
[2.570s] Level 1:colcon.colcon_core.environment:create_file_with_runtime_dependencies(/home/kim/wheelchair_ws/install/wheelchair_robot_description/share/colcon-core/packages/wheelchair_robot_description)
[2.570s] Level 1:colcon.colcon_core.environment:create_environment_scripts_only(wheelchair_robot_description)
[2.571s] Level 1:colcon.colcon_core.environment:checking '/home/kim/wheelchair_ws/install/wheelchair_robot_description' for CMake module files
[2.571s] Level 1:colcon.colcon_core.environment:checking '/home/kim/wheelchair_ws/install/wheelchair_robot_description' for CMake config files
[2.572s] Level 1:colcon.colcon_core.shell:create_environment_hook('wheelchair_robot_description', 'cmake_prefix_path')
[2.572s] INFO:colcon.colcon_core.shell:Creating environment hook '/home/kim/wheelchair_ws/install/wheelchair_robot_description/share/wheelchair_robot_description/hook/cmake_prefix_path.ps1'
[2.572s] INFO:colcon.colcon_core.shell:Creating environment descriptor '/home/kim/wheelchair_ws/install/wheelchair_robot_description/share/wheelchair_robot_description/hook/cmake_prefix_path.dsv'
[2.573s] INFO:colcon.colcon_core.shell:Creating environment hook '/home/kim/wheelchair_ws/install/wheelchair_robot_description/share/wheelchair_robot_description/hook/cmake_prefix_path.sh'
[2.573s] Level 1:colcon.colcon_core.environment:checking '/home/kim/wheelchair_ws/install/wheelchair_robot_description/bin'
[2.574s] Level 1:colcon.colcon_core.environment:checking '/home/kim/wheelchair_ws/install/wheelchair_robot_description/lib/pkgconfig/wheelchair_robot_description.pc'
[2.574s] Level 1:colcon.colcon_core.environment:checking '/home/kim/wheelchair_ws/install/wheelchair_robot_description/lib/python3.10/site-packages'
[2.574s] Level 1:colcon.colcon_core.environment:checking '/home/kim/wheelchair_ws/install/wheelchair_robot_description/bin'
[2.575s] INFO:colcon.colcon_core.shell:Creating package script '/home/kim/wheelchair_ws/install/wheelchair_robot_description/share/wheelchair_robot_description/package.ps1'
[2.575s] INFO:colcon.colcon_core.shell:Creating package descriptor '/home/kim/wheelchair_ws/install/wheelchair_robot_description/share/wheelchair_robot_description/package.dsv'
[2.576s] INFO:colcon.colcon_core.shell:Creating package script '/home/kim/wheelchair_ws/install/wheelchair_robot_description/share/wheelchair_robot_description/package.sh'
[2.577s] INFO:colcon.colcon_core.shell:Creating package script '/home/kim/wheelchair_ws/install/wheelchair_robot_description/share/wheelchair_robot_description/package.bash'
[2.577s] INFO:colcon.colcon_core.shell:Creating package script '/home/kim/wheelchair_ws/install/wheelchair_robot_description/share/wheelchair_robot_description/package.zsh'
[2.578s] Level 1:colcon.colcon_core.environment:create_file_with_runtime_dependencies(/home/kim/wheelchair_ws/install/wheelchair_robot_description/share/colcon-core/packages/wheelchair_robot_description)
[2.578s] Level 1:colcon.colcon_core.environment:create_environment_scripts_only(wheelchair_robot_navigation2)
[2.579s] Level 1:colcon.colcon_core.environment:checking '/home/kim/wheelchair_ws/install/wheelchair_robot_navigation2' for CMake module files
[2.580s] DEBUG:colcon.colcon_core.event_handler.log_command:Invoked command in '/home/kim/wheelchair_ws/build/wheelchair_robot_navigation2' returned '0': CMAKE_PREFIX_PATH=${CMAKE_PREFIX_PATH}:/home/kim/wheelchair_ws/install/wheelchair_robot_ai:/home/kim/wheelchair_ws/install/wheelchair_robot_teleop:/home/kim/wheelchair_ws/install/wheelchair_robot_control:/home/kim/wheelchair_ws/install/wheelchair_core:/opt/ros/humble /usr/bin/cmake --install /home/kim/wheelchair_ws/build/wheelchair_robot_navigation2
[2.580s] Level 1:colcon.colcon_core.environment:checking '/home/kim/wheelchair_ws/install/wheelchair_robot_navigation2' for CMake config files
[2.580s] Level 1:colcon.colcon_core.shell:create_environment_hook('wheelchair_robot_navigation2', 'cmake_prefix_path')
[2.581s] INFO:colcon.colcon_core.shell:Creating environment hook '/home/kim/wheelchair_ws/install/wheelchair_robot_navigation2/share/wheelchair_robot_navigation2/hook/cmake_prefix_path.ps1'
[2.581s] INFO:colcon.colcon_core.shell:Creating environment descriptor '/home/kim/wheelchair_ws/install/wheelchair_robot_navigation2/share/wheelchair_robot_navigation2/hook/cmake_prefix_path.dsv'
[2.582s] INFO:colcon.colcon_core.shell:Creating environment hook '/home/kim/wheelchair_ws/install/wheelchair_robot_navigation2/share/wheelchair_robot_navigation2/hook/cmake_prefix_path.sh'
[2.583s] Level 1:colcon.colcon_core.environment:checking '/home/kim/wheelchair_ws/install/wheelchair_robot_navigation2/bin'
[2.583s] Level 1:colcon.colcon_core.environment:checking '/home/kim/wheelchair_ws/install/wheelchair_robot_navigation2/lib/pkgconfig/wheelchair_robot_navigation2.pc'
[2.583s] Level 1:colcon.colcon_core.environment:checking '/home/kim/wheelchair_ws/install/wheelchair_robot_navigation2/lib/python3.10/site-packages'
[2.583s] Level 1:colcon.colcon_core.environment:checking '/home/kim/wheelchair_ws/install/wheelchair_robot_navigation2/bin'
[2.584s] INFO:colcon.colcon_core.shell:Creating package script '/home/kim/wheelchair_ws/install/wheelchair_robot_navigation2/share/wheelchair_robot_navigation2/package.ps1'
[2.585s] INFO:colcon.colcon_core.shell:Creating package descriptor '/home/kim/wheelchair_ws/install/wheelchair_robot_navigation2/share/wheelchair_robot_navigation2/package.dsv'
[2.585s] INFO:colcon.colcon_core.shell:Creating package script '/home/kim/wheelchair_ws/install/wheelchair_robot_navigation2/share/wheelchair_robot_navigation2/package.sh'
[2.586s] INFO:colcon.colcon_core.shell:Creating package script '/home/kim/wheelchair_ws/install/wheelchair_robot_navigation2/share/wheelchair_robot_navigation2/package.bash'
[2.586s] INFO:colcon.colcon_core.shell:Creating package script '/home/kim/wheelchair_ws/install/wheelchair_robot_navigation2/share/wheelchair_robot_navigation2/package.zsh'
[2.587s] Level 1:colcon.colcon_core.environment:create_file_with_runtime_dependencies(/home/kim/wheelchair_ws/install/wheelchair_robot_navigation2/share/colcon-core/packages/wheelchair_robot_navigation2)
[2.587s] Level 1:colcon.colcon_core.environment:create_environment_scripts_only(wheelchair_robot_navigation2)
[2.588s] Level 1:colcon.colcon_core.environment:checking '/home/kim/wheelchair_ws/install/wheelchair_robot_navigation2' for CMake module files
[2.588s] Level 1:colcon.colcon_core.environment:checking '/home/kim/wheelchair_ws/install/wheelchair_robot_navigation2' for CMake config files
[2.589s] Level 1:colcon.colcon_core.shell:create_environment_hook('wheelchair_robot_navigation2', 'cmake_prefix_path')
[2.589s] INFO:colcon.colcon_core.shell:Creating environment hook '/home/kim/wheelchair_ws/install/wheelchair_robot_navigation2/share/wheelchair_robot_navigation2/hook/cmake_prefix_path.ps1'
[2.590s] INFO:colcon.colcon_core.shell:Creating environment descriptor '/home/kim/wheelchair_ws/install/wheelchair_robot_navigation2/share/wheelchair_robot_navigation2/hook/cmake_prefix_path.dsv'
[2.590s] INFO:colcon.colcon_core.shell:Creating environment hook '/home/kim/wheelchair_ws/install/wheelchair_robot_navigation2/share/wheelchair_robot_navigation2/hook/cmake_prefix_path.sh'
[2.591s] Level 1:colcon.colcon_core.environment:checking '/home/kim/wheelchair_ws/install/wheelchair_robot_navigation2/bin'
[2.591s] Level 1:colcon.colcon_core.environment:checking '/home/kim/wheelchair_ws/install/wheelchair_robot_navigation2/lib/pkgconfig/wheelchair_robot_navigation2.pc'
[2.591s] Level 1:colcon.colcon_core.environment:checking '/home/kim/wheelchair_ws/install/wheelchair_robot_navigation2/lib/python3.10/site-packages'
[2.592s] Level 1:colcon.colcon_core.environment:checking '/home/kim/wheelchair_ws/install/wheelchair_robot_navigation2/bin'
[2.592s] INFO:colcon.colcon_core.shell:Creating package script '/home/kim/wheelchair_ws/install/wheelchair_robot_navigation2/share/wheelchair_robot_navigation2/package.ps1'
[2.593s] INFO:colcon.colcon_core.shell:Creating package descriptor '/home/kim/wheelchair_ws/install/wheelchair_robot_navigation2/share/wheelchair_robot_navigation2/package.dsv'
[2.594s] INFO:colcon.colcon_core.shell:Creating package script '/home/kim/wheelchair_ws/install/wheelchair_robot_navigation2/share/wheelchair_robot_navigation2/package.sh'
[2.594s] INFO:colcon.colcon_core.shell:Creating package script '/home/kim/wheelchair_ws/install/wheelchair_robot_navigation2/share/wheelchair_robot_navigation2/package.bash'
[2.595s] INFO:colcon.colcon_core.shell:Creating package script '/home/kim/wheelchair_ws/install/wheelchair_robot_navigation2/share/wheelchair_robot_navigation2/package.zsh'
[2.595s] Level 1:colcon.colcon_core.environment:create_file_with_runtime_dependencies(/home/kim/wheelchair_ws/install/wheelchair_robot_navigation2/share/colcon-core/packages/wheelchair_robot_navigation2)
[3.274s] DEBUG:colcon.colcon_core.event_handler.log_command:Invoking command in '/home/kim/wheelchair_ws/build/wheelchair_robot_control': PYTHONPATH=/home/kim/wheelchair_ws/build/wheelchair_robot_control/prefix_override:/usr/lib/python3/dist-packages/colcon_core/task/python/colcon_distutils_commands:/home/kim/wheelchair_ws/install/wheelchair_robot_control/lib/python3.10/site-packages:${PYTHONPATH} /usr/bin/python3 -W ignore:setup.py install is deprecated -W ignore:easy_install command is deprecated setup.py develop --editable --build-directory /home/kim/wheelchair_ws/build/wheelchair_robot_control/build --no-deps symlink_data
[3.277s] DEBUG:colcon.colcon_core.event_handler.log_command:Invoking command in '/home/kim/wheelchair_ws/build/wheelchair_robot_ai': PYTHONPATH=/home/kim/wheelchair_ws/build/wheelchair_robot_ai/prefix_override:/usr/lib/python3/dist-packages/colcon_core/task/python/colcon_distutils_commands:/home/kim/wheelchair_ws/install/wheelchair_robot_ai/lib/python3.10/site-packages:${PYTHONPATH} /usr/bin/python3 -W ignore:setup.py install is deprecated -W ignore:easy_install command is deprecated setup.py develop --editable --build-directory /home/kim/wheelchair_ws/build/wheelchair_robot_ai/build --no-deps symlink_data
[3.306s] DEBUG:colcon.colcon_core.event_handler.log_command:Invoking command in '/home/kim/wheelchair_ws/build/wheelchair_core': PYTHONPATH=/home/kim/wheelchair_ws/build/wheelchair_core/prefix_override:/usr/lib/python3/dist-packages/colcon_core/task/python/colcon_distutils_commands:/home/kim/wheelchair_ws/install/wheelchair_core/lib/python3.10/site-packages:${PYTHONPATH} /usr/bin/python3 -W ignore:setup.py install is deprecated -W ignore:easy_install command is deprecated setup.py develop --editable --build-directory /home/kim/wheelchair_ws/build/wheelchair_core/build --no-deps symlink_data
[3.309s] DEBUG:colcon.colcon_core.event_handler.log_command:Invoking command in '/home/kim/wheelchair_ws/build/wheelchair_robot_teleop': PYTHONPATH=/home/kim/wheelchair_ws/build/wheelchair_robot_teleop/prefix_override:/usr/lib/python3/dist-packages/colcon_core/task/python/colcon_distutils_commands:/home/kim/wheelchair_ws/install/wheelchair_robot_teleop/lib/python3.10/site-packages:${PYTHONPATH} /usr/bin/python3 -W ignore:setup.py install is deprecated -W ignore:easy_install command is deprecated setup.py develop --editable --build-directory /home/kim/wheelchair_ws/build/wheelchair_robot_teleop/build --no-deps symlink_data
[4.168s] Level 1:colcon.colcon_core.shell:create_environment_hook('wheelchair_robot_control', 'pythonpath_develop')
[4.168s] INFO:colcon.colcon_core.shell:Creating environment hook '/home/kim/wheelchair_ws/build/wheelchair_robot_control/share/wheelchair_robot_control/hook/pythonpath_develop.ps1'
[4.170s] DEBUG:colcon.colcon_core.event_handler.log_command:Invoked command in '/home/kim/wheelchair_ws/build/wheelchair_robot_control' returned '0': PYTHONPATH=/home/kim/wheelchair_ws/build/wheelchair_robot_control/prefix_override:/usr/lib/python3/dist-packages/colcon_core/task/python/colcon_distutils_commands:/home/kim/wheelchair_ws/install/wheelchair_robot_control/lib/python3.10/site-packages:${PYTHONPATH} /usr/bin/python3 -W ignore:setup.py install is deprecated -W ignore:easy_install command is deprecated setup.py develop --editable --build-directory /home/kim/wheelchair_ws/build/wheelchair_robot_control/build --no-deps symlink_data
[4.170s] INFO:colcon.colcon_core.shell:Creating environment descriptor '/home/kim/wheelchair_ws/build/wheelchair_robot_control/share/wheelchair_robot_control/hook/pythonpath_develop.dsv'
[4.171s] INFO:colcon.colcon_core.shell:Creating environment hook '/home/kim/wheelchair_ws/build/wheelchair_robot_control/share/wheelchair_robot_control/hook/pythonpath_develop.sh'
[4.172s] Level 1:colcon.colcon_core.environment:checking '/home/kim/wheelchair_ws/install/wheelchair_robot_control' for CMake module files
[4.172s] Level 1:colcon.colcon_core.environment:checking '/home/kim/wheelchair_ws/install/wheelchair_robot_control' for CMake config files
[4.173s] Level 1:colcon.colcon_core.environment:checking '/home/kim/wheelchair_ws/install/wheelchair_robot_control/lib'
[4.173s] Level 1:colcon.colcon_core.environment:checking '/home/kim/wheelchair_ws/install/wheelchair_robot_control/bin'
[4.173s] Level 1:colcon.colcon_core.environment:checking '/home/kim/wheelchair_ws/install/wheelchair_robot_control/lib/pkgconfig/wheelchair_robot_control.pc'
[4.174s] Level 1:colcon.colcon_core.environment:checking '/home/kim/wheelchair_ws/install/wheelchair_robot_control/lib/python3.10/site-packages'
[4.174s] Level 1:colcon.colcon_core.shell:create_environment_hook('wheelchair_robot_control', 'pythonpath')
[4.174s] INFO:colcon.colcon_core.shell:Creating environment hook '/home/kim/wheelchair_ws/install/wheelchair_robot_control/share/wheelchair_robot_control/hook/pythonpath.ps1'
[4.175s] INFO:colcon.colcon_core.shell:Creating environment descriptor '/home/kim/wheelchair_ws/install/wheelchair_robot_control/share/wheelchair_robot_control/hook/pythonpath.dsv'
[4.175s] INFO:colcon.colcon_core.shell:Creating environment hook '/home/kim/wheelchair_ws/install/wheelchair_robot_control/share/wheelchair_robot_control/hook/pythonpath.sh'
[4.176s] Level 1:colcon.colcon_core.environment:checking '/home/kim/wheelchair_ws/install/wheelchair_robot_control/bin'
[4.176s] Level 1:colcon.colcon_core.environment:create_environment_scripts_only(wheelchair_robot_control)
[4.177s] INFO:colcon.colcon_core.shell:Creating package script '/home/kim/wheelchair_ws/install/wheelchair_robot_control/share/wheelchair_robot_control/package.ps1'
[4.178s] INFO:colcon.colcon_core.shell:Creating package descriptor '/home/kim/wheelchair_ws/install/wheelchair_robot_control/share/wheelchair_robot_control/package.dsv'
[4.179s] INFO:colcon.colcon_core.shell:Creating package script '/home/kim/wheelchair_ws/install/wheelchair_robot_control/share/wheelchair_robot_control/package.sh'
[4.179s] INFO:colcon.colcon_core.shell:Creating package script '/home/kim/wheelchair_ws/install/wheelchair_robot_control/share/wheelchair_robot_control/package.bash'
[4.180s] INFO:colcon.colcon_core.shell:Creating package script '/home/kim/wheelchair_ws/install/wheelchair_robot_control/share/wheelchair_robot_control/package.zsh'
[4.180s] Level 1:colcon.colcon_core.environment:create_file_with_runtime_dependencies(/home/kim/wheelchair_ws/install/wheelchair_robot_control/share/colcon-core/packages/wheelchair_robot_control)
[4.191s] Level 1:colcon.colcon_core.shell:create_environment_hook('wheelchair_robot_ai', 'pythonpath_develop')
[4.191s] INFO:colcon.colcon_core.shell:Creating environment hook '/home/kim/wheelchair_ws/build/wheelchair_robot_ai/share/wheelchair_robot_ai/hook/pythonpath_develop.ps1'
[4.192s] DEBUG:colcon.colcon_core.event_handler.log_command:Invoked command in '/home/kim/wheelchair_ws/build/wheelchair_robot_ai' returned '0': PYTHONPATH=/home/kim/wheelchair_ws/build/wheelchair_robot_ai/prefix_override:/usr/lib/python3/dist-packages/colcon_core/task/python/colcon_distutils_commands:/home/kim/wheelchair_ws/install/wheelchair_robot_ai/lib/python3.10/site-packages:${PYTHONPATH} /usr/bin/python3 -W ignore:setup.py install is deprecated -W ignore:easy_install command is deprecated setup.py develop --editable --build-directory /home/kim/wheelchair_ws/build/wheelchair_robot_ai/build --no-deps symlink_data
[4.192s] INFO:colcon.colcon_core.shell:Creating environment descriptor '/home/kim/wheelchair_ws/build/wheelchair_robot_ai/share/wheelchair_robot_ai/hook/pythonpath_develop.dsv'
[4.193s] INFO:colcon.colcon_core.shell:Creating environment hook '/home/kim/wheelchair_ws/build/wheelchair_robot_ai/share/wheelchair_robot_ai/hook/pythonpath_develop.sh'
[4.194s] Level 1:colcon.colcon_core.environment:checking '/home/kim/wheelchair_ws/install/wheelchair_robot_ai' for CMake module files
[4.194s] Level 1:colcon.colcon_core.environment:checking '/home/kim/wheelchair_ws/install/wheelchair_robot_ai' for CMake config files
[4.195s] Level 1:colcon.colcon_core.environment:checking '/home/kim/wheelchair_ws/install/wheelchair_robot_ai/lib'
[4.195s] Level 1:colcon.colcon_core.environment:checking '/home/kim/wheelchair_ws/install/wheelchair_robot_ai/bin'
[4.195s] Level 1:colcon.colcon_core.environment:checking '/home/kim/wheelchair_ws/install/wheelchair_robot_ai/lib/pkgconfig/wheelchair_robot_ai.pc'
[4.195s] Level 1:colcon.colcon_core.environment:checking '/home/kim/wheelchair_ws/install/wheelchair_robot_ai/lib/python3.10/site-packages'
[4.195s] Level 1:colcon.colcon_core.shell:create_environment_hook('wheelchair_robot_ai', 'pythonpath')
[4.196s] INFO:colcon.colcon_core.shell:Creating environment hook '/home/kim/wheelchair_ws/install/wheelchair_robot_ai/share/wheelchair_robot_ai/hook/pythonpath.ps1'
[4.196s] INFO:colcon.colcon_core.shell:Creating environment descriptor '/home/kim/wheelchair_ws/install/wheelchair_robot_ai/share/wheelchair_robot_ai/hook/pythonpath.dsv'
[4.197s] INFO:colcon.colcon_core.shell:Creating environment hook '/home/kim/wheelchair_ws/install/wheelchair_robot_ai/share/wheelchair_robot_ai/hook/pythonpath.sh'
[4.198s] Level 1:colcon.colcon_core.environment:checking '/home/kim/wheelchair_ws/install/wheelchair_robot_ai/bin'
[4.198s] Level 1:colcon.colcon_core.environment:create_environment_scripts_only(wheelchair_robot_ai)
[4.198s] INFO:colcon.colcon_core.shell:Creating package script '/home/kim/wheelchair_ws/install/wheelchair_robot_ai/share/wheelchair_robot_ai/package.ps1'
[4.199s] INFO:colcon.colcon_core.shell:Creating package descriptor '/home/kim/wheelchair_ws/install/wheelchair_robot_ai/share/wheelchair_robot_ai/package.dsv'
[4.200s] INFO:colcon.colcon_core.shell:Creating package script '/home/kim/wheelchair_ws/install/wheelchair_robot_ai/share/wheelchair_robot_ai/package.sh'
[4.201s] INFO:colcon.colcon_core.shell:Creating package script '/home/kim/wheelchair_ws/install/wheelchair_robot_ai/share/wheelchair_robot_ai/package.bash'
[4.201s] INFO:colcon.colcon_core.shell:Creating package script '/home/kim/wheelchair_ws/install/wheelchair_robot_ai/share/wheelchair_robot_ai/package.zsh'
[4.201s] Level 1:colcon.colcon_core.environment:create_file_with_runtime_dependencies(/home/kim/wheelchair_ws/install/wheelchair_robot_ai/share/colcon-core/packages/wheelchair_robot_ai)
[4.207s] Level 1:colcon.colcon_core.shell:create_environment_hook('wheelchair_robot_teleop', 'pythonpath_develop')
[4.207s] DEBUG:colcon.colcon_core.event_handler.log_command:Invoked command in '/home/kim/wheelchair_ws/build/wheelchair_robot_teleop' returned '0': PYTHONPATH=/home/kim/wheelchair_ws/build/wheelchair_robot_teleop/prefix_override:/usr/lib/python3/dist-packages/colcon_core/task/python/colcon_distutils_commands:/home/kim/wheelchair_ws/install/wheelchair_robot_teleop/lib/python3.10/site-packages:${PYTHONPATH} /usr/bin/python3 -W ignore:setup.py install is deprecated -W ignore:easy_install command is deprecated setup.py develop --editable --build-directory /home/kim/wheelchair_ws/build/wheelchair_robot_teleop/build --no-deps symlink_data
[4.207s] INFO:colcon.colcon_core.shell:Creating environment hook '/home/kim/wheelchair_ws/build/wheelchair_robot_teleop/share/wheelchair_robot_teleop/hook/pythonpath_develop.ps1'
[4.208s] INFO:colcon.colcon_core.shell:Creating environment descriptor '/home/kim/wheelchair_ws/build/wheelchair_robot_teleop/share/wheelchair_robot_teleop/hook/pythonpath_develop.dsv'
[4.209s] INFO:colcon.colcon_core.shell:Creating environment hook '/home/kim/wheelchair_ws/build/wheelchair_robot_teleop/share/wheelchair_robot_teleop/hook/pythonpath_develop.sh'
[4.209s] Level 1:colcon.colcon_core.environment:checking '/home/kim/wheelchair_ws/install/wheelchair_robot_teleop' for CMake module files
[4.210s] Level 1:colcon.colcon_core.environment:checking '/home/kim/wheelchair_ws/install/wheelchair_robot_teleop' for CMake config files
[4.210s] Level 1:colcon.colcon_core.environment:checking '/home/kim/wheelchair_ws/install/wheelchair_robot_teleop/lib'
[4.211s] Level 1:colcon.colcon_core.environment:checking '/home/kim/wheelchair_ws/install/wheelchair_robot_teleop/bin'
[4.211s] Level 1:colcon.colcon_core.environment:checking '/home/kim/wheelchair_ws/install/wheelchair_robot_teleop/lib/pkgconfig/wheelchair_robot_teleop.pc'
[4.211s] Level 1:colcon.colcon_core.environment:checking '/home/kim/wheelchair_ws/install/wheelchair_robot_teleop/lib/python3.10/site-packages'
[4.211s] Level 1:colcon.colcon_core.shell:create_environment_hook('wheelchair_robot_teleop', 'pythonpath')
[4.211s] INFO:colcon.colcon_core.shell:Creating environment hook '/home/kim/wheelchair_ws/install/wheelchair_robot_teleop/share/wheelchair_robot_teleop/hook/pythonpath.ps1'
[4.212s] INFO:colcon.colcon_core.shell:Creating environment descriptor '/home/kim/wheelchair_ws/install/wheelchair_robot_teleop/share/wheelchair_robot_teleop/hook/pythonpath.dsv'
[4.212s] INFO:colcon.colcon_core.shell:Creating environment hook '/home/kim/wheelchair_ws/install/wheelchair_robot_teleop/share/wheelchair_robot_teleop/hook/pythonpath.sh'
[4.213s] Level 1:colcon.colcon_core.environment:checking '/home/kim/wheelchair_ws/install/wheelchair_robot_teleop/bin'
[4.213s] Level 1:colcon.colcon_core.environment:create_environment_scripts_only(wheelchair_robot_teleop)
[4.214s] INFO:colcon.colcon_core.shell:Creating package script '/home/kim/wheelchair_ws/install/wheelchair_robot_teleop/share/wheelchair_robot_teleop/package.ps1'
[4.215s] INFO:colcon.colcon_core.shell:Creating package descriptor '/home/kim/wheelchair_ws/install/wheelchair_robot_teleop/share/wheelchair_robot_teleop/package.dsv'
[4.215s] INFO:colcon.colcon_core.shell:Creating package script '/home/kim/wheelchair_ws/install/wheelchair_robot_teleop/share/wheelchair_robot_teleop/package.sh'
[4.216s] INFO:colcon.colcon_core.shell:Creating package script '/home/kim/wheelchair_ws/install/wheelchair_robot_teleop/share/wheelchair_robot_teleop/package.bash'
[4.216s] INFO:colcon.colcon_core.shell:Creating package script '/home/kim/wheelchair_ws/install/wheelchair_robot_teleop/share/wheelchair_robot_teleop/package.zsh'
[4.217s] Level 1:colcon.colcon_core.environment:create_file_with_runtime_dependencies(/home/kim/wheelchair_ws/install/wheelchair_robot_teleop/share/colcon-core/packages/wheelchair_robot_teleop)
[4.218s] Level 1:colcon.colcon_core.shell:create_environment_hook('wheelchair_core', 'pythonpath_develop')
[4.218s] INFO:colcon.colcon_core.shell:Creating environment hook '/home/kim/wheelchair_ws/build/wheelchair_core/share/wheelchair_core/hook/pythonpath_develop.ps1'
[4.219s] DEBUG:colcon.colcon_core.event_handler.log_command:Invoked command in '/home/kim/wheelchair_ws/build/wheelchair_core' returned '0': PYTHONPATH=/home/kim/wheelchair_ws/build/wheelchair_core/prefix_override:/usr/lib/python3/dist-packages/colcon_core/task/python/colcon_distutils_commands:/home/kim/wheelchair_ws/install/wheelchair_core/lib/python3.10/site-packages:${PYTHONPATH} /usr/bin/python3 -W ignore:setup.py install is deprecated -W ignore:easy_install command is deprecated setup.py develop --editable --build-directory /home/kim/wheelchair_ws/build/wheelchair_core/build --no-deps symlink_data
[4.219s] INFO:colcon.colcon_core.shell:Creating environment descriptor '/home/kim/wheelchair_ws/build/wheelchair_core/share/wheelchair_core/hook/pythonpath_develop.dsv'
[4.220s] INFO:colcon.colcon_core.shell:Creating environment hook '/home/kim/wheelchair_ws/build/wheelchair_core/share/wheelchair_core/hook/pythonpath_develop.sh'
[4.220s] Level 1:colcon.colcon_core.environment:checking '/home/kim/wheelchair_ws/install/wheelchair_core' for CMake module files
[4.221s] Level 1:colcon.colcon_core.environment:checking '/home/kim/wheelchair_ws/install/wheelchair_core' for CMake config files
[4.222s] Level 1:colcon.colcon_core.environment:checking '/home/kim/wheelchair_ws/install/wheelchair_core/lib'
[4.222s] Level 1:colcon.colcon_core.environment:checking '/home/kim/wheelchair_ws/install/wheelchair_core/bin'
[4.222s] Level 1:colcon.colcon_core.environment:checking '/home/kim/wheelchair_ws/install/wheelchair_core/lib/pkgconfig/wheelchair_core.pc'
[4.222s] Level 1:colcon.colcon_core.environment:checking '/home/kim/wheelchair_ws/install/wheelchair_core/lib/python3.10/site-packages'
[4.222s] Level 1:colcon.colcon_core.shell:create_environment_hook('wheelchair_core', 'pythonpath')
[4.222s] INFO:colcon.colcon_core.shell:Creating environment hook '/home/kim/wheelchair_ws/install/wheelchair_core/share/wheelchair_core/hook/pythonpath.ps1'
[4.223s] INFO:colcon.colcon_core.shell:Creating environment descriptor '/home/kim/wheelchair_ws/install/wheelchair_core/share/wheelchair_core/hook/pythonpath.dsv'
[4.223s] INFO:colcon.colcon_core.shell:Creating environment hook '/home/kim/wheelchair_ws/install/wheelchair_core/share/wheelchair_core/hook/pythonpath.sh'
[4.224s] Level 1:colcon.colcon_core.environment:checking '/home/kim/wheelchair_ws/install/wheelchair_core/bin'
[4.224s] Level 1:colcon.colcon_core.environment:create_environment_scripts_only(wheelchair_core)
[4.225s] INFO:colcon.colcon_core.shell:Creating package script '/home/kim/wheelchair_ws/install/wheelchair_core/share/wheelchair_core/package.ps1'
[4.226s] INFO:colcon.colcon_core.shell:Creating package descriptor '/home/kim/wheelchair_ws/install/wheelchair_core/share/wheelchair_core/package.dsv'
[4.226s] INFO:colcon.colcon_core.shell:Creating package script '/home/kim/wheelchair_ws/install/wheelchair_core/share/wheelchair_core/package.sh'
[4.227s] INFO:colcon.colcon_core.shell:Creating package script '/home/kim/wheelchair_ws/install/wheelchair_core/share/wheelchair_core/package.bash'
[4.227s] INFO:colcon.colcon_core.shell:Creating package script '/home/kim/wheelchair_ws/install/wheelchair_core/share/wheelchair_core/package.zsh'
[4.228s] Level 1:colcon.colcon_core.environment:create_file_with_runtime_dependencies(/home/kim/wheelchair_ws/install/wheelchair_core/share/colcon-core/packages/wheelchair_core)
[4.228s] DEBUG:colcon.colcon_parallel_executor.executor.parallel:closing loop
[4.228s] DEBUG:colcon.colcon_parallel_executor.executor.parallel:loop closed
[4.228s] DEBUG:colcon.colcon_parallel_executor.executor.parallel:run_until_complete finished with '0'
[4.228s] DEBUG:colcon.colcon_core.event_reactor:joining thread
[4.237s] INFO:colcon.colcon_core.plugin_system:Skipping extension 'colcon_notification.desktop_notification.terminal_notifier': Not used on non-Darwin systems
[4.237s] INFO:colcon.colcon_core.plugin_system:Skipping extension 'colcon_notification.desktop_notification.win32': Not used on non-Windows systems
[4.237s] INFO:colcon.colcon_notification.desktop_notification:Sending desktop notification using 'notify2'
[4.250s] DEBUG:colcon.colcon_core.event_reactor:joined thread
[4.250s] INFO:colcon.colcon_core.shell:Creating prefix script '/home/kim/wheelchair_ws/install/local_setup.ps1'
[4.251s] INFO:colcon.colcon_core.shell:Creating prefix util module '/home/kim/wheelchair_ws/install/_local_setup_util_ps1.py'
[4.253s] INFO:colcon.colcon_core.shell:Creating prefix chain script '/home/kim/wheelchair_ws/install/setup.ps1'
[4.255s] INFO:colcon.colcon_core.shell:Creating prefix script '/home/kim/wheelchair_ws/install/local_setup.sh'
[4.255s] INFO:colcon.colcon_core.shell:Creating prefix util module '/home/kim/wheelchair_ws/install/_local_setup_util_sh.py'
[4.256s] INFO:colcon.colcon_core.shell:Creating prefix chain script '/home/kim/wheelchair_ws/install/setup.sh'
[4.258s] INFO:colcon.colcon_core.shell:Creating prefix script '/home/kim/wheelchair_ws/install/local_setup.bash'
[4.258s] INFO:colcon.colcon_core.shell:Creating prefix chain script '/home/kim/wheelchair_ws/install/setup.bash'
[4.260s] INFO:colcon.colcon_core.shell:Creating prefix script '/home/kim/wheelchair_ws/install/local_setup.zsh'
[4.260s] INFO:colcon.colcon_core.shell:Creating prefix chain script '/home/kim/wheelchair_ws/install/setup.zsh'
