-- Install configuration: ""
-- Execute custom install script
-- Up-to-date symlink: /home/kim/wheelchair_ws/install/wheelchair_robot_description/share/wheelchair_robot_description/meshes/bases/wheelchair_robot_n2.stl
-- Up-to-date symlink: /home/kim/wheelchair_ws/install/wheelchair_robot_description/share/wheelchair_robot_description/rviz/wheelchair_robot_model.rviz
-- Up-to-date symlink: /home/kim/wheelchair_ws/install/wheelchair_robot_description/share/wheelchair_robot_description/urdf/wheelchair_robot.urdf
-- Up-to-date symlink: /home/kim/wheelchair_ws/install/wheelchair_robot_description/share/wheelchair_robot_description/launch/display.launch.py
-- Up-to-date symlink: /home/kim/wheelchair_ws/install/wheelchair_robot_description/share/wheelchair_robot_description/urdf/wheelchair_robot.urdf
-- Up-to-date symlink: /home/kim/wheelchair_ws/install/wheelchair_robot_description/share/wheelchair_robot_description/meshes/bases/wheelchair_robot_n2.stl
-- Up-to-date symlink: /home/kim/wheelchair_ws/install/wheelchair_robot_description/share/wheelchair_robot_description/rviz/wheelchair_robot_model.rviz
-- Up-to-date symlink: /home/kim/wheelchair_ws/install/wheelchair_robot_description/share/ament_index/resource_index/package_run_dependencies/wheelchair_robot_description
-- Up-to-date symlink: /home/kim/wheelchair_ws/install/wheelchair_robot_description/share/ament_index/resource_index/parent_prefix_path/wheelchair_robot_description
-- Up-to-date symlink: /home/kim/wheelchair_ws/install/wheelchair_robot_description/share/wheelchair_robot_description/environment/ament_prefix_path.sh
-- Up-to-date symlink: /home/kim/wheelchair_ws/install/wheelchair_robot_description/share/wheelchair_robot_description/environment/ament_prefix_path.dsv
-- Up-to-date symlink: /home/kim/wheelchair_ws/install/wheelchair_robot_description/share/wheelchair_robot_description/environment/path.sh
-- Up-to-date symlink: /home/kim/wheelchair_ws/install/wheelchair_robot_description/share/wheelchair_robot_description/environment/path.dsv
-- Up-to-date symlink: /home/kim/wheelchair_ws/install/wheelchair_robot_description/share/wheelchair_robot_description/local_setup.bash
-- Up-to-date symlink: /home/kim/wheelchair_ws/install/wheelchair_robot_description/share/wheelchair_robot_description/local_setup.sh
-- Up-to-date symlink: /home/kim/wheelchair_ws/install/wheelchair_robot_description/share/wheelchair_robot_description/local_setup.zsh
-- Up-to-date symlink: /home/kim/wheelchair_ws/install/wheelchair_robot_description/share/wheelchair_robot_description/local_setup.dsv
-- Symlinking: /home/kim/wheelchair_ws/install/wheelchair_robot_description/share/wheelchair_robot_description/package.dsv
-- Up-to-date symlink: /home/kim/wheelchair_ws/install/wheelchair_robot_description/share/ament_index/resource_index/packages/wheelchair_robot_description
-- Up-to-date symlink: /home/kim/wheelchair_ws/install/wheelchair_robot_description/share/wheelchair_robot_description/cmake/wheelchair_robot_descriptionConfig.cmake
-- Up-to-date symlink: /home/kim/wheelchair_ws/install/wheelchair_robot_description/share/wheelchair_robot_description/cmake/wheelchair_robot_descriptionConfig-version.cmake
-- Up-to-date symlink: /home/kim/wheelchair_ws/install/wheelchair_robot_description/share/wheelchair_robot_description/package.xml
