[0.732s] Invoking command in '/home/kim/wheelchair_ws/src/wheelchair_robot/wheelchair_robot_ai': PYTHONPATH=/home/kim/wheelchair_ws/build/wheelchair_robot_ai/prefix_override:/usr/lib/python3/dist-packages/colcon_core/task/python/colcon_distutils_commands:/home/kim/wheelchair_ws/install/wheelchair_robot_ai/lib/python3.10/site-packages:${PYTHONPATH} /usr/bin/python3 -W ignore:setup.py install is deprecated -W ignore:easy_install command is deprecated setup.py egg_info --egg-base ../../../build/wheelchair_robot_ai build --build-base /home/kim/wheelchair_ws/build/wheelchair_robot_ai/build install --record /home/kim/wheelchair_ws/build/wheelchair_robot_ai/install.log --single-version-externally-managed install_data
[0.995s] running egg_info
[0.996s] creating ../../../build/wheelchair_robot_ai/wheelchair_robot_ai.egg-info
[0.997s] writing ../../../build/wheelchair_robot_ai/wheelchair_robot_ai.egg-info/PKG-INFO
[0.997s] writing dependency_links to ../../../build/wheelchair_robot_ai/wheelchair_robot_ai.egg-info/dependency_links.txt
[0.997s] writing entry points to ../../../build/wheelchair_robot_ai/wheelchair_robot_ai.egg-info/entry_points.txt
[0.997s] writing requirements to ../../../build/wheelchair_robot_ai/wheelchair_robot_ai.egg-info/requires.txt
[0.997s] writing top-level names to ../../../build/wheelchair_robot_ai/wheelchair_robot_ai.egg-info/top_level.txt
[0.998s] writing manifest file '../../../build/wheelchair_robot_ai/wheelchair_robot_ai.egg-info/SOURCES.txt'
[1.002s] reading manifest file '../../../build/wheelchair_robot_ai/wheelchair_robot_ai.egg-info/SOURCES.txt'
[1.003s] writing manifest file '../../../build/wheelchair_robot_ai/wheelchair_robot_ai.egg-info/SOURCES.txt'
[1.003s] running build
[1.003s] running build_py
[1.003s] creating /home/kim/wheelchair_ws/build/wheelchair_robot_ai/build
[1.004s] creating /home/kim/wheelchair_ws/build/wheelchair_robot_ai/build/lib
[1.004s] creating /home/kim/wheelchair_ws/build/wheelchair_robot_ai/build/lib/wheelchair_robot_ai
[1.004s] copying wheelchair_robot_ai/log_collector_node.py -> /home/kim/wheelchair_ws/build/wheelchair_robot_ai/build/lib/wheelchair_robot_ai
[1.004s] copying wheelchair_robot_ai/__init__.py -> /home/kim/wheelchair_ws/build/wheelchair_robot_ai/build/lib/wheelchair_robot_ai
[1.004s] copying wheelchair_robot_ai/agent_analyzer.py -> /home/kim/wheelchair_ws/build/wheelchair_robot_ai/build/lib/wheelchair_robot_ai
[1.004s] running install
[1.005s] running install_lib
[1.006s] creating /home/kim/wheelchair_ws/install/wheelchair_robot_ai/lib/python3.10/site-packages/wheelchair_robot_ai
[1.006s] copying /home/kim/wheelchair_ws/build/wheelchair_robot_ai/build/lib/wheelchair_robot_ai/log_collector_node.py -> /home/kim/wheelchair_ws/install/wheelchair_robot_ai/lib/python3.10/site-packages/wheelchair_robot_ai
[1.006s] copying /home/kim/wheelchair_ws/build/wheelchair_robot_ai/build/lib/wheelchair_robot_ai/__init__.py -> /home/kim/wheelchair_ws/install/wheelchair_robot_ai/lib/python3.10/site-packages/wheelchair_robot_ai
[1.006s] copying /home/kim/wheelchair_ws/build/wheelchair_robot_ai/build/lib/wheelchair_robot_ai/agent_analyzer.py -> /home/kim/wheelchair_ws/install/wheelchair_robot_ai/lib/python3.10/site-packages/wheelchair_robot_ai
[1.007s] byte-compiling /home/kim/wheelchair_ws/install/wheelchair_robot_ai/lib/python3.10/site-packages/wheelchair_robot_ai/log_collector_node.py to log_collector_node.cpython-310.pyc
[1.008s] byte-compiling /home/kim/wheelchair_ws/install/wheelchair_robot_ai/lib/python3.10/site-packages/wheelchair_robot_ai/__init__.py to __init__.cpython-310.pyc
[1.008s] byte-compiling /home/kim/wheelchair_ws/install/wheelchair_robot_ai/lib/python3.10/site-packages/wheelchair_robot_ai/agent_analyzer.py to agent_analyzer.cpython-310.pyc
[1.009s] running install_data
[1.009s] creating /home/kim/wheelchair_ws/install/wheelchair_robot_ai/share/ament_index
[1.009s] creating /home/kim/wheelchair_ws/install/wheelchair_robot_ai/share/ament_index/resource_index
[1.009s] creating /home/kim/wheelchair_ws/install/wheelchair_robot_ai/share/ament_index/resource_index/packages
[1.009s] copying resource/wheelchair_robot_ai -> /home/kim/wheelchair_ws/install/wheelchair_robot_ai/share/ament_index/resource_index/packages
[1.009s] copying package.xml -> /home/kim/wheelchair_ws/install/wheelchair_robot_ai/share/wheelchair_robot_ai
[1.009s] creating /home/kim/wheelchair_ws/install/wheelchair_robot_ai/share/wheelchair_robot_ai/launch
[1.009s] running install_egg_info
[1.012s] Copying ../../../build/wheelchair_robot_ai/wheelchair_robot_ai.egg-info to /home/kim/wheelchair_ws/install/wheelchair_robot_ai/lib/python3.10/site-packages/wheelchair_robot_ai-0.0.0-py3.10.egg-info
[1.012s] running install_scripts
[1.031s] Installing agent_analyzer script to /home/kim/wheelchair_ws/install/wheelchair_robot_ai/lib/wheelchair_robot_ai
[1.032s] Installing log_collector_node script to /home/kim/wheelchair_ws/install/wheelchair_robot_ai/lib/wheelchair_robot_ai
[1.032s] writing list of installed files to '/home/kim/wheelchair_ws/build/wheelchair_robot_ai/install.log'
[1.052s] Invoked command in '/home/kim/wheelchair_ws/src/wheelchair_robot/wheelchair_robot_ai' returned '0': PYTHONPATH=/home/kim/wheelchair_ws/build/wheelchair_robot_ai/prefix_override:/usr/lib/python3/dist-packages/colcon_core/task/python/colcon_distutils_commands:/home/kim/wheelchair_ws/install/wheelchair_robot_ai/lib/python3.10/site-packages:${PYTHONPATH} /usr/bin/python3 -W ignore:setup.py install is deprecated -W ignore:easy_install command is deprecated setup.py egg_info --egg-base ../../../build/wheelchair_robot_ai build --build-base /home/kim/wheelchair_ws/build/wheelchair_robot_ai/build install --record /home/kim/wheelchair_ws/build/wheelchair_robot_ai/install.log --single-version-externally-managed install_data
