-- Install configuration: ""
-- Execute custom install script
-- Up-to-date symlink: /home/kim/wheelchair_ws/install/wheelchair_robot_cartographer/share/wheelchair_robot_cartographer/config/wheelchair_robot.lua
-- Up-to-date symlink: /home/kim/wheelchair_ws/install/wheelchair_robot_cartographer/share/wheelchair_robot_cartographer/launch/bringup_cartographer.launch.py
-- Up-to-date symlink: /home/kim/wheelchair_ws/install/wheelchair_robot_cartographer/share/wheelchair_robot_cartographer/launch/cartographer.launch.py
-- Up-to-date symlink: /home/kim/wheelchair_ws/install/wheelchair_robot_cartographer/share/wheelchair_robot_cartographer/launch/occupancy_grid.launch.py
-- Up-to-date symlink: /home/kim/wheelchair_ws/install/wheelchair_robot_cartographer/share/wheelchair_robot_cartographer/rviz/wheelchair_robot_cartographer.rviz
-- Up-to-date symlink: /home/kim/wheelchair_ws/install/wheelchair_robot_cartographer/share/ament_index/resource_index/package_run_dependencies/wheelchair_robot_cartographer
-- Up-to-date symlink: /home/kim/wheelchair_ws/install/wheelchair_robot_cartographer/share/ament_index/resource_index/parent_prefix_path/wheelchair_robot_cartographer
-- Up-to-date symlink: /home/kim/wheelchair_ws/install/wheelchair_robot_cartographer/share/wheelchair_robot_cartographer/environment/ament_prefix_path.sh
-- Up-to-date symlink: /home/kim/wheelchair_ws/install/wheelchair_robot_cartographer/share/wheelchair_robot_cartographer/environment/ament_prefix_path.dsv
-- Up-to-date symlink: /home/kim/wheelchair_ws/install/wheelchair_robot_cartographer/share/wheelchair_robot_cartographer/environment/path.sh
-- Up-to-date symlink: /home/kim/wheelchair_ws/install/wheelchair_robot_cartographer/share/wheelchair_robot_cartographer/environment/path.dsv
-- Up-to-date symlink: /home/kim/wheelchair_ws/install/wheelchair_robot_cartographer/share/wheelchair_robot_cartographer/local_setup.bash
-- Up-to-date symlink: /home/kim/wheelchair_ws/install/wheelchair_robot_cartographer/share/wheelchair_robot_cartographer/local_setup.sh
-- Up-to-date symlink: /home/kim/wheelchair_ws/install/wheelchair_robot_cartographer/share/wheelchair_robot_cartographer/local_setup.zsh
-- Up-to-date symlink: /home/kim/wheelchair_ws/install/wheelchair_robot_cartographer/share/wheelchair_robot_cartographer/local_setup.dsv
-- Symlinking: /home/kim/wheelchair_ws/install/wheelchair_robot_cartographer/share/wheelchair_robot_cartographer/package.dsv
-- Up-to-date symlink: /home/kim/wheelchair_ws/install/wheelchair_robot_cartographer/share/ament_index/resource_index/packages/wheelchair_robot_cartographer
-- Up-to-date symlink: /home/kim/wheelchair_ws/install/wheelchair_robot_cartographer/share/wheelchair_robot_cartographer/cmake/wheelchair_robot_cartographerConfig.cmake
-- Up-to-date symlink: /home/kim/wheelchair_ws/install/wheelchair_robot_cartographer/share/wheelchair_robot_cartographer/cmake/wheelchair_robot_cartographerConfig-version.cmake
-- Up-to-date symlink: /home/kim/wheelchair_ws/install/wheelchair_robot_cartographer/share/wheelchair_robot_cartographer/package.xml
