[0.896s] Invoking command in '/home/kim/wheelchair_ws/build/wheelchair_robot_cartographer': CMAKE_PREFIX_PATH=${CMAKE_PREFIX_PATH}:/home/kim/wheelchair_ws/install/wheelchair_robot_ai:/home/kim/wheelchair_ws/install/wheelchair_robot_teleop:/home/kim/wheelchair_ws/install/wheelchair_robot_control:/home/kim/wheelchair_ws/install/wheelchair_core:/opt/ros/humble /usr/bin/cmake --build /home/kim/wheelchair_ws/build/wheelchair_robot_cartographer -- -j12 -l12
[1.784s] Invoked command in '/home/kim/wheelchair_ws/build/wheelchair_robot_cartographer' returned '0': CMAKE_PREFIX_PATH=${CMAKE_PREFIX_PATH}:/home/kim/wheelchair_ws/install/wheelchair_robot_ai:/home/kim/wheelchair_ws/install/wheelchair_robot_teleop:/home/kim/wheelchair_ws/install/wheelchair_robot_control:/home/kim/wheelchair_ws/install/wheelchair_core:/opt/ros/humble /usr/bin/cmake --build /home/kim/wheelchair_ws/build/wheelchair_robot_cartographer -- -j12 -l12
[1.794s] Invoking command in '/home/kim/wheelchair_ws/build/wheelchair_robot_cartographer': CMAKE_PREFIX_PATH=${CMAKE_PREFIX_PATH}:/home/kim/wheelchair_ws/install/wheelchair_robot_ai:/home/kim/wheelchair_ws/install/wheelchair_robot_teleop:/home/kim/wheelchair_ws/install/wheelchair_robot_control:/home/kim/wheelchair_ws/install/wheelchair_core:/opt/ros/humble /usr/bin/cmake --install /home/kim/wheelchair_ws/build/wheelchair_robot_cartographer
[1.803s] -- Install configuration: ""
[1.804s] -- Execute custom install script
[1.806s] -- Up-to-date symlink: /home/kim/wheelchair_ws/install/wheelchair_robot_cartographer/share/wheelchair_robot_cartographer/config/wheelchair_robot.lua
[1.806s] -- Up-to-date symlink: /home/kim/wheelchair_ws/install/wheelchair_robot_cartographer/share/wheelchair_robot_cartographer/launch/bringup_cartographer.launch.py
[1.806s] -- Up-to-date symlink: /home/kim/wheelchair_ws/install/wheelchair_robot_cartographer/share/wheelchair_robot_cartographer/launch/cartographer.launch.py
[1.806s] -- Up-to-date symlink: /home/kim/wheelchair_ws/install/wheelchair_robot_cartographer/share/wheelchair_robot_cartographer/launch/occupancy_grid.launch.py
[1.808s] -- Up-to-date symlink: /home/kim/wheelchair_ws/install/wheelchair_robot_cartographer/share/wheelchair_robot_cartographer/rviz/wheelchair_robot_cartographer.rviz
[1.808s] -- Up-to-date symlink: /home/kim/wheelchair_ws/install/wheelchair_robot_cartographer/share/ament_index/resource_index/package_run_dependencies/wheelchair_robot_cartographer
[1.808s] -- Up-to-date symlink: /home/kim/wheelchair_ws/install/wheelchair_robot_cartographer/share/ament_index/resource_index/parent_prefix_path/wheelchair_robot_cartographer
[1.808s] -- Up-to-date symlink: /home/kim/wheelchair_ws/install/wheelchair_robot_cartographer/share/wheelchair_robot_cartographer/environment/ament_prefix_path.sh
[1.808s] -- Up-to-date symlink: /home/kim/wheelchair_ws/install/wheelchair_robot_cartographer/share/wheelchair_robot_cartographer/environment/ament_prefix_path.dsv
[1.809s] -- Up-to-date symlink: /home/kim/wheelchair_ws/install/wheelchair_robot_cartographer/share/wheelchair_robot_cartographer/environment/path.sh
[1.809s] -- Up-to-date symlink: /home/kim/wheelchair_ws/install/wheelchair_robot_cartographer/share/wheelchair_robot_cartographer/environment/path.dsv
[1.809s] -- Up-to-date symlink: /home/kim/wheelchair_ws/install/wheelchair_robot_cartographer/share/wheelchair_robot_cartographer/local_setup.bash
[1.809s] -- Up-to-date symlink: /home/kim/wheelchair_ws/install/wheelchair_robot_cartographer/share/wheelchair_robot_cartographer/local_setup.sh
[1.810s] -- Up-to-date symlink: /home/kim/wheelchair_ws/install/wheelchair_robot_cartographer/share/wheelchair_robot_cartographer/local_setup.zsh
[1.810s] -- Up-to-date symlink: /home/kim/wheelchair_ws/install/wheelchair_robot_cartographer/share/wheelchair_robot_cartographer/local_setup.dsv
[1.812s] -- Symlinking: /home/kim/wheelchair_ws/install/wheelchair_robot_cartographer/share/wheelchair_robot_cartographer/package.dsv
[1.823s] -- Up-to-date symlink: /home/kim/wheelchair_ws/install/wheelchair_robot_cartographer/share/ament_index/resource_index/packages/wheelchair_robot_cartographer
[1.828s] -- Up-to-date symlink: /home/kim/wheelchair_ws/install/wheelchair_robot_cartographer/share/wheelchair_robot_cartographer/cmake/wheelchair_robot_cartographerConfig.cmake
[1.828s] -- Up-to-date symlink: /home/kim/wheelchair_ws/install/wheelchair_robot_cartographer/share/wheelchair_robot_cartographer/cmake/wheelchair_robot_cartographerConfig-version.cmake
[1.828s] -- Up-to-date symlink: /home/kim/wheelchair_ws/install/wheelchair_robot_cartographer/share/wheelchair_robot_cartographer/package.xml
[1.834s] Invoked command in '/home/kim/wheelchair_ws/build/wheelchair_robot_cartographer' returned '0': CMAKE_PREFIX_PATH=${CMAKE_PREFIX_PATH}:/home/kim/wheelchair_ws/install/wheelchair_robot_ai:/home/kim/wheelchair_ws/install/wheelchair_robot_teleop:/home/kim/wheelchair_ws/install/wheelchair_robot_control:/home/kim/wheelchair_ws/install/wheelchair_core:/opt/ros/humble /usr/bin/cmake --install /home/kim/wheelchair_ws/build/wheelchair_robot_cartographer
